#
# There is insufficient memory for the Java Runtime Environment to continue.
# Native memory allocation (mmap) failed to map 55574528 bytes. Error detail: G1 virtual space
# Possible reasons:
#   The system is out of physical RAM or swap space
#   This process is running with CompressedOops enabled, and the Java Heap may be blocking the growth of the native heap
# Possible solutions:
#   Reduce memory load on the system
#   Increase physical memory or swap space
#   Check if swap backing store is full
#   Decrease Java heap size (-Xmx/-Xms)
#   Decrease number of Java threads
#   Decrease Java thread stack sizes (-Xss)
#   Set larger code cache with -XX:ReservedCodeCacheSize=
#   JVM is running with Unscaled Compressed Oops mode in which the Java heap is
#     placed in the first 4GB address space. The Java Heap base address is the
#     maximum limit for the native heap growth. Please use -XX:HeapBaseMinAddress
#     to set the Java Heap base and to place the Java Heap above 4GB virtual address.
# This output file may be truncated or incomplete.
#
#  Out of Memory Error (os_windows.cpp:3690), pid=8580, tid=14140
#
# JRE version: OpenJDK Runtime Environment Microsoft-12574423 (17.0.17+10) (build 17.0.17+10-LTS)
# Java VM: OpenJDK 64-Bit Server VM Microsoft-12574423 (17.0.17+10-LTS, mixed mode, sharing, tiered, compressed oops, compressed class ptrs, g1 gc, windows-amd64)
# No core dump will be written. Minidumps are not enabled by default on client versions of Windows
#

---------------  S U M M A R Y ------------

Command Line: --add-opens=java.base/java.lang=ALL-UNNAMED --add-opens=java.base/java.lang.invoke=ALL-UNNAMED --add-opens=java.base/java.util=ALL-UNNAMED --add-opens=java.prefs/java.util.prefs=ALL-UNNAMED --add-exports=jdk.compiler/com.sun.tools.javac.api=ALL-UNNAMED --add-exports=jdk.compiler/com.sun.tools.javac.util=ALL-UNNAMED --add-opens=java.base/java.util=ALL-UNNAMED --add-opens=java.prefs/java.util.prefs=ALL-UNNAMED --add-opens=java.base/java.nio.charset=ALL-UNNAMED --add-opens=java.base/java.net=ALL-UNNAMED --add-opens=java.base/java.util.concurrent=ALL-UNNAMED --add-opens=java.base/java.util.concurrent.atomic=ALL-UNNAMED --add-opens=java.xml/javax.xml.namespace=ALL-UNNAMED -Xmx1024m -Dfile.encoding=windows-1252 -Duser.country=US -Duser.language=en -Duser.variant -javaagent:C:\Users\wasif\.gradle\wrapper\dists\gradle-9.0.0-bin\d6wjpkvcgsg3oed0qlfss3wgl\gradle-9.0.0\lib\agents\gradle-instrumentation-agent-9.0.0.jar org.gradle.launcher.daemon.bootstrap.GradleDaemon 9.0.0

Host: Intel(R) Core(TM) i5-8350U CPU @ 1.70GHz, 8 cores, 15G,  Windows 11 , 64 bit Build 26100 (10.0.26100.7623)
Time: Wed Feb  4 13:51:27 2026 Pakistan Standard Time elapsed time: 26.891125 seconds (0d 0h 0m 26s)

---------------  T H R E A D  ---------------

Current thread (0x0000023576c7bbf0):  VMThread "VM Thread" [stack: 0x0000005b91600000,0x0000005b91700000] [id=14140]

Stack: [0x0000005b91600000,0x0000005b91700000]
Native frames: (J=compiled Java code, j=interpreted, Vv=VM code, C=native code)
V  [jvm.dll+0x68c459]  (no source info available)
V  [jvm.dll+0x845e09]  (no source info available)
V  [jvm.dll+0x847b78]  (no source info available)
V  [jvm.dll+0x848203]  (no source info available)
V  [jvm.dll+0x24cf6f]  (no source info available)
V  [jvm.dll+0x68b859]  (no source info available)
V  [jvm.dll+0x67fe1a]  (no source info available)
V  [jvm.dll+0x3100f0]  (no source info available)
V  [jvm.dll+0x30ff92]  (no source info available)
V  [jvm.dll+0x3174e9]  (no source info available)
V  [jvm.dll+0x3697c9]  (no source info available)
V  [jvm.dll+0x3699fd]  (no source info available)
V  [jvm.dll+0x2e68fa]  (no source info available)
V  [jvm.dll+0x2e4cf1]  (no source info available)
V  [jvm.dll+0x2e448c]  (no source info available)
V  [jvm.dll+0x328e1b]  (no source info available)
V  [jvm.dll+0x84ca8d]  (no source info available)
V  [jvm.dll+0x84d7a3]  (no source info available)
V  [jvm.dll+0x84dcd4]  (no source info available)
V  [jvm.dll+0x84e0b8]  (no source info available)
V  [jvm.dll+0x84e1ae]  (no source info available)
V  [jvm.dll+0x7f5a5c]  (no source info available)
V  [jvm.dll+0x68d9f7]  (no source info available)
C  [ucrtbase.dll+0x37b0]  (no source info available)
C  [KERNEL32.DLL+0x2e8d7]  (no source info available)
C  [ntdll.dll+0x8c53c]  (no source info available)

VM_Operation (0x0000005b92ff4ce0): G1CollectForAllocation, mode: safepoint, requested by thread 0x000002357b9e83f0


---------------  P R O C E S S  ---------------

Threads class SMR info:
_java_thread_list=0x00000235420aec00, length=66, elements={
0x000002355ad65610, 0x0000023576c86100, 0x0000023576c86bd0, 0x000002357b00cac0,
0x000002357b00f3a0, 0x000002357b00fc70, 0x000002357b010540, 0x000002357b011140,
0x000002357b011a50, 0x000002357b01d870, 0x000002357b1293b0, 0x000002357b1f8120,
0x000002357b2f5cd0, 0x000002357d32b770, 0x000002357d239300, 0x000002357c135ea0,
0x000002357cddd3f0, 0x000002357cbf9050, 0x000002357b9e83f0, 0x000002357b9e8900,
0x000002357b9e9320, 0x000002357b9e9830, 0x000002357b9e8e10, 0x000002357b9e9d40,
0x000002357d70f980, 0x000002357d70c6e0, 0x000002357d70d610, 0x000002357d70ef60,
0x000002357d70cbf0, 0x000002357d70d100, 0x000002357d70db20, 0x000002357d70e030,
0x000002357d70ea50, 0x000002357d70c1d0, 0x000002357d70fe90, 0x000002357d7117e0,
0x000002357d7112d0, 0x000002357d711cf0, 0x000002357d712710, 0x000002357d712c20,
0x000002357d70f470, 0x000002357d713130, 0x000002357d713640, 0x000002357d713b50,
0x000002357d7103a0, 0x000002357d7108b0, 0x000002357d710dc0, 0x000002357f750b50,
0x000002357f74ddc0, 0x000002357f74d3a0, 0x000002357f74e2d0, 0x000002357f750130,
0x000002357f751060, 0x000002357f74f200, 0x000002357f74ecf0, 0x000002357f74fc20,
0x000002357f74d8b0, 0x000002357f74f710, 0x000002357f750640, 0x000002357f751570,
0x000002357f751a80, 0x000002357f751f90, 0x000002357f7524a0, 0x000002357f7529b0,
0x000002357e6b7f80, 0x000002357e6b8f70
}

Java Threads: ( => current thread )
  0x000002355ad65610 JavaThread "main" [_thread_blocked, id=33256, stack(0x0000005b91000000,0x0000005b91100000)]
  0x0000023576c86100 JavaThread "Reference Handler" daemon [_thread_blocked, id=21992, stack(0x0000005b91700000,0x0000005b91800000)]
  0x0000023576c86bd0 JavaThread "Finalizer" daemon [_thread_blocked, id=13152, stack(0x0000005b91800000,0x0000005b91900000)]
  0x000002357b00cac0 JavaThread "Signal Dispatcher" daemon [_thread_blocked, id=17452, stack(0x0000005b91900000,0x0000005b91a00000)]
  0x000002357b00f3a0 JavaThread "Attach Listener" daemon [_thread_blocked, id=44824, stack(0x0000005b91a00000,0x0000005b91b00000)]
  0x000002357b00fc70 JavaThread "Service Thread" daemon [_thread_blocked, id=42476, stack(0x0000005b91b00000,0x0000005b91c00000)]
  0x000002357b010540 JavaThread "Monitor Deflation Thread" daemon [_thread_blocked, id=10876, stack(0x0000005b91c00000,0x0000005b91d00000)]
  0x000002357b011140 JavaThread "C2 CompilerThread0" daemon [_thread_blocked, id=10908, stack(0x0000005b91d00000,0x0000005b91e00000)]
  0x000002357b011a50 JavaThread "C1 CompilerThread0" daemon [_thread_blocked, id=60088, stack(0x0000005b91e00000,0x0000005b91f00000)]
  0x000002357b01d870 JavaThread "Sweeper thread" daemon [_thread_blocked, id=53176, stack(0x0000005b91f00000,0x0000005b92000000)]
  0x000002357b1293b0 JavaThread "Common-Cleaner" daemon [_thread_blocked, id=40612, stack(0x0000005b92000000,0x0000005b92100000)]
  0x000002357b1f8120 JavaThread "Notification Thread" daemon [_thread_blocked, id=48480, stack(0x0000005b92100000,0x0000005b92200000)]
  0x000002357b2f5cd0 JavaThread "Daemon health stats" [_thread_blocked, id=18832, stack(0x0000005b92a00000,0x0000005b92b00000)]
  0x000002357d32b770 JavaThread "Incoming local TCP Connector on port 50720" [_thread_in_native, id=59512, stack(0x0000005b92300000,0x0000005b92400000)]
  0x000002357d239300 JavaThread "Daemon periodic checks" [_thread_blocked, id=21808, stack(0x0000005b92b00000,0x0000005b92c00000)]
  0x000002357c135ea0 JavaThread "Daemon" [_thread_blocked, id=1340, stack(0x0000005b92c00000,0x0000005b92d00000)]
  0x000002357cddd3f0 JavaThread "Handler for socket connection from /127.0.0.1:50720 to /127.0.0.1:50721" [_thread_in_native, id=11804, stack(0x0000005b92d00000,0x0000005b92e00000)]
  0x000002357cbf9050 JavaThread "Cancel handler" [_thread_blocked, id=29596, stack(0x0000005b92e00000,0x0000005b92f00000)]
  0x000002357b9e83f0 JavaThread "Daemon worker" [_thread_blocked, id=45112, stack(0x0000005b92f00000,0x0000005b93000000)]
  0x000002357b9e8900 JavaThread "Asynchronous log dispatcher for DefaultDaemonConnection: socket connection from /127.0.0.1:50720 to /127.0.0.1:50721" [_thread_blocked, id=25572, stack(0x0000005b93000000,0x0000005b93100000)]
  0x000002357b9e9320 JavaThread "Stdin handler" [_thread_blocked, id=35432, stack(0x0000005b93100000,0x0000005b93200000)]
  0x000002357b9e9830 JavaThread "Daemon client event forwarder" [_thread_blocked, id=17184, stack(0x0000005b93200000,0x0000005b93300000)]
  0x000002357b9e8e10 JavaThread "Cache worker for journal cache (C:\Users\wasif\.gradle\caches\journal-1)" [_thread_blocked, id=55108, stack(0x0000005b93300000,0x0000005b93400000)]
  0x000002357b9e9d40 JavaThread "File lock request listener" [_thread_in_native, id=11460, stack(0x0000005b93400000,0x0000005b93500000)]
  0x000002357d70f980 JavaThread "Cache worker for file hash cache (C:\Users\wasif\.gradle\caches\9.0.0\fileHashes)" [_thread_blocked, id=54048, stack(0x0000005b93500000,0x0000005b93600000)]
  0x000002357d70c6e0 JavaThread "Cache worker for file hash cache (C:\Users\wasif\Downloads\MindEase\android\.gradle\9.0.0\fileHashes)" [_thread_blocked, id=45456, stack(0x0000005b93a00000,0x0000005b93b00000)]
  0x000002357d70d610 JavaThread "Cache worker for Build Output Cleanup Cache (C:\Users\wasif\Downloads\MindEase\android\.gradle\buildOutputCleanup)" [_thread_blocked, id=24332, stack(0x0000005b93b00000,0x0000005b93c00000)]
  0x000002357d70ef60 JavaThread "File watcher server" daemon [_thread_in_native, id=43628, stack(0x0000005b93c00000,0x0000005b93d00000)]
  0x000002357d70cbf0 JavaThread "File watcher consumer" daemon [_thread_blocked, id=58760, stack(0x0000005b93d00000,0x0000005b93e00000)]
  0x000002357d70d100 JavaThread "Cache worker for checksums cache (C:\Users\wasif\Downloads\MindEase\android\.gradle\9.0.0\checksums)" [_thread_blocked, id=10360, stack(0x0000005b93e00000,0x0000005b93f00000)]
  0x000002357d70db20 JavaThread "Cache worker for file content cache (C:\Users\wasif\.gradle\caches\9.0.0\fileContent)" [_thread_blocked, id=54572, stack(0x0000005b93600000,0x0000005b93700000)]
  0x000002357d70e030 JavaThread "Cache worker for cache directory md-supplier (C:\Users\wasif\.gradle\caches\9.0.0\md-supplier)" [_thread_blocked, id=35464, stack(0x0000005b94100000,0x0000005b94200000)]
  0x000002357d70ea50 JavaThread "Cache worker for cache directory md-rule (C:\Users\wasif\.gradle\caches\9.0.0\md-rule)" [_thread_blocked, id=45504, stack(0x0000005b94200000,0x0000005b94300000)]
  0x000002357d70c1d0 JavaThread "jar transforms" [_thread_blocked, id=52940, stack(0x0000005b94300000,0x0000005b94400000)]
  0x000002357d70fe90 JavaThread "Cache worker for Build Output Cleanup Cache (C:\Users\wasif\Downloads\MindEase\node_modules\@react-native\gradle-plugin\.gradle\buildOutputCleanup)" [_thread_blocked, id=49676, stack(0x0000005b94400000,0x0000005b94500000)]
  0x000002357d7117e0 JavaThread "Unconstrained build operations" [_thread_blocked, id=30028, stack(0x0000005b94000000,0x0000005b94100000)]
  0x000002357d7112d0 JavaThread "Unconstrained build operations Thread 2" [_thread_blocked, id=46184, stack(0x0000005b94500000,0x0000005b94600000)]
  0x000002357d711cf0 JavaThread "Unconstrained build operations Thread 3" [_thread_blocked, id=26072, stack(0x0000005b94600000,0x0000005b94700000)]
  0x000002357d712710 JavaThread "Unconstrained build operations Thread 4" [_thread_blocked, id=51704, stack(0x0000005b94700000,0x0000005b94800000)]
  0x000002357d712c20 JavaThread "Unconstrained build operations Thread 5" [_thread_blocked, id=32596, stack(0x0000005b94800000,0x0000005b94900000)]
  0x000002357d70f470 JavaThread "Unconstrained build operations Thread 6" [_thread_blocked, id=25764, stack(0x0000005b94900000,0x0000005b94a00000)]
  0x000002357d713130 JavaThread "Unconstrained build operations Thread 7" [_thread_blocked, id=39916, stack(0x0000005b94b00000,0x0000005b94c00000)]
  0x000002357d713640 JavaThread "Unconstrained build operations Thread 8" [_thread_blocked, id=27828, stack(0x0000005b94c00000,0x0000005b94d00000)]
  0x000002357d713b50 JavaThread "Unconstrained build operations Thread 9" [_thread_blocked, id=37172, stack(0x0000005b94d00000,0x0000005b94e00000)]
  0x000002357d7103a0 JavaThread "Unconstrained build operations Thread 10" [_thread_blocked, id=27864, stack(0x0000005b94e00000,0x0000005b94f00000)]
  0x000002357d7108b0 JavaThread "Unconstrained build operations Thread 11" [_thread_blocked, id=1264, stack(0x0000005b94f00000,0x0000005b95000000)]
  0x000002357d710dc0 JavaThread "Unconstrained build operations Thread 12" [_thread_blocked, id=17112, stack(0x0000005b95000000,0x0000005b95100000)]
  0x000002357f750b50 JavaThread "Unconstrained build operations Thread 13" [_thread_blocked, id=26096, stack(0x0000005b95100000,0x0000005b95200000)]
  0x000002357f74ddc0 JavaThread "Unconstrained build operations Thread 14" [_thread_blocked, id=32984, stack(0x0000005b95200000,0x0000005b95300000)]
  0x000002357f74d3a0 JavaThread "Unconstrained build operations Thread 15" [_thread_blocked, id=27260, stack(0x0000005b95300000,0x0000005b95400000)]
  0x000002357f74e2d0 JavaThread "Unconstrained build operations Thread 16" [_thread_blocked, id=51508, stack(0x0000005b95400000,0x0000005b95500000)]
  0x000002357f750130 JavaThread "Unconstrained build operations Thread 17" [_thread_blocked, id=29484, stack(0x0000005b95500000,0x0000005b95600000)]
  0x000002357f751060 JavaThread "Unconstrained build operations Thread 18" [_thread_blocked, id=44292, stack(0x0000005b95600000,0x0000005b95700000)]
  0x000002357f74f200 JavaThread "Unconstrained build operations Thread 19" [_thread_blocked, id=15968, stack(0x0000005b95700000,0x0000005b95800000)]
  0x000002357f74ecf0 JavaThread "Unconstrained build operations Thread 20" [_thread_blocked, id=11068, stack(0x0000005b95800000,0x0000005b95900000)]
  0x000002357f74fc20 JavaThread "Unconstrained build operations Thread 21" [_thread_blocked, id=55888, stack(0x0000005b95900000,0x0000005b95a00000)]
  0x000002357f74d8b0 JavaThread "Unconstrained build operations Thread 22" [_thread_blocked, id=1372, stack(0x0000005b95a00000,0x0000005b95b00000)]
  0x000002357f74f710 JavaThread "Unconstrained build operations Thread 23" [_thread_blocked, id=38064, stack(0x0000005b95b00000,0x0000005b95c00000)]
  0x000002357f750640 JavaThread "Unconstrained build operations Thread 24" [_thread_blocked, id=33040, stack(0x0000005b95c00000,0x0000005b95d00000)]
  0x000002357f751570 JavaThread "Unconstrained build operations Thread 25" [_thread_blocked, id=26436, stack(0x0000005b95d00000,0x0000005b95e00000)]
  0x000002357f751a80 JavaThread "Unconstrained build operations Thread 26" [_thread_blocked, id=25632, stack(0x0000005b95e00000,0x0000005b95f00000)]
  0x000002357f751f90 JavaThread "Unconstrained build operations Thread 27" [_thread_blocked, id=13156, stack(0x0000005b95f00000,0x0000005b96000000)]
  0x000002357f7524a0 JavaThread "build event listener" [_thread_blocked, id=39220, stack(0x0000005b94a00000,0x0000005b94b00000)]
  0x000002357f7529b0 JavaThread "Memory manager" [_thread_blocked, id=24744, stack(0x0000005b93f00000,0x0000005b94000000)]
  0x000002357e6b7f80 JavaThread "C2 CompilerThread1" daemon [_thread_blocked, id=26288, stack(0x0000005b96000000,0x0000005b96100000)]
  0x000002357e6b8f70 JavaThread "C2 CompilerThread2" daemon [_thread_blocked, id=7404, stack(0x0000005b96100000,0x0000005b96200000)]

Other Threads:
=>0x0000023576c7bbf0 VMThread "VM Thread" [stack: 0x0000005b91600000,0x0000005b91700000] [id=14140]
  0x000002357b20e250 WatcherThread [stack: 0x0000005b92200000,0x0000005b92300000] [id=40428]
  0x000002355ada17f0 GCTaskThread "GC Thread#0" [stack: 0x0000005b91100000,0x0000005b91200000] [id=11844]
  0x000002357b8f26a0 GCTaskThread "GC Thread#1" [stack: 0x0000005b92500000,0x0000005b92600000] [id=50128]
  0x000002357bbfe850 GCTaskThread "GC Thread#2" [stack: 0x0000005b92600000,0x0000005b92700000] [id=15932]
  0x000002357bbfeb20 GCTaskThread "GC Thread#3" [stack: 0x0000005b92700000,0x0000005b92800000] [id=44184]
  0x000002357bacbf30 GCTaskThread "GC Thread#4" [stack: 0x0000005b92800000,0x0000005b92900000] [id=6636]
  0x000002357bacc200 GCTaskThread "GC Thread#5" [stack: 0x0000005b92900000,0x0000005b92a00000] [id=48264]
  0x000002357c8efb50 GCTaskThread "GC Thread#6" [stack: 0x0000005b93700000,0x0000005b93800000] [id=49220]
  0x000002357c8ef2e0 GCTaskThread "GC Thread#7" [stack: 0x0000005b93800000,0x0000005b93900000] [id=9596]
  0x000002355adac670 ConcurrentGCThread "G1 Main Marker" [stack: 0x0000005b91200000,0x0000005b91300000] [id=38736]
  0x000002355adadc70 ConcurrentGCThread "G1 Conc#0" [stack: 0x0000005b91300000,0x0000005b91400000] [id=31528]
  0x000002357c8f0690 ConcurrentGCThread "G1 Conc#1" [stack: 0x0000005b93900000,0x0000005b93a00000] [id=56368]
  0x000002355ae0e9c0 ConcurrentGCThread "G1 Refine#0" [stack: 0x0000005b91400000,0x0000005b91500000] [id=1924]
  0x000002357cbe10c0 ConcurrentGCThread "G1 Refine#1" [stack: 0x0000005b92400000,0x0000005b92500000] [id=16644]
  0x0000023576b3a600 ConcurrentGCThread "G1 Service" [stack: 0x0000005b91500000,0x0000005b91600000] [id=11808]

Threads with active compile tasks:
C2 CompilerThread0  26987 7237       4       org.gradle.internal.instantiation.generator.AbstractClassGenerator::inspectType (602 bytes)
C1 CompilerThread0  26987 7557       3       org.gradle.api.internal.changedetection.state.FallbackHandlingResourceHasher::hash (40 bytes)
C2 CompilerThread1  26988 7427       4       com.google.common.collect.ImmutableSet$Builder::add (31 bytes)
C2 CompilerThread2  26988 7421       4       com.google.common.collect.ImmutableSet$RegularSetBuilderImpl::add (68 bytes)

VM state: at safepoint (normal execution)

VM Mutex/Monitor currently owned by a thread:  ([mutex/lock_event])
[0x000002355ad5fc60] Threads_lock - owner thread: 0x0000023576c7bbf0
[0x000002355ad60050] Heap_lock - owner thread: 0x000002357b9e83f0

Heap address: 0x00000000c0000000, size: 1024 MB, Compressed Oops mode: 32-bit

CDS archive(s) mapped at: [0x0000023500000000-0x0000023500bb0000-0x0000023500bb0000), size 12255232, SharedBaseAddress: 0x0000023500000000, ArchiveRelocationMode: 1.
Compressed class space mapped at: 0x0000023501000000-0x0000023541000000, reserved size: 1073741824
Narrow klass base: 0x0000023500000000, Narrow klass shift: 0, Narrow klass range: 0x100000000

GC Precious Log:
 CPUs: 8 total, 8 available
 Memory: 16192M
 Large Page Support: Disabled
 NUMA Support: Disabled
 Compressed Oops: Enabled (32-bit)
 Heap Region Size: 1M
 Heap Min Capacity: 8M
 Heap Initial Capacity: 254M
 Heap Max Capacity: 1G
 Pre-touch: Disabled
 Parallel Workers: 8
 Concurrent Workers: 2
 Concurrent Refinement Workers: 8
 Periodic GC: Disabled

Heap:
 garbage-first heap   total 148480K, used 58960K [0x00000000c0000000, 0x0000000100000000)
  region size 1024K, 4 young (4096K), 4 survivors (4096K)
 Metaspace       used 63095K, committed 63936K, reserved 1114112K
  class space    used 9101K, committed 9472K, reserved 1048576K

Heap Regions: E=young(eden), S=young(survivor), O=old, HS=humongous(starts), HC=humongous(continues), CS=collection set, F=free, OA=open archive, CA=closed archive, TAMS=top-at-mark-start (previous, next)
|   0|0x00000000c0000000, 0x00000000c0100000, 0x00000000c0100000|100%|HS|  |TAMS 0x00000000c0100000, 0x00000000c0000000| Complete 
|   1|0x00000000c0100000, 0x00000000c0200000, 0x00000000c0200000|100%|HC|  |TAMS 0x00000000c0200000, 0x00000000c0100000| Complete 
|   2|0x00000000c0200000, 0x00000000c0300000, 0x00000000c0300000|100%|HC|  |TAMS 0x00000000c0300000, 0x00000000c0200000| Complete 
|   3|0x00000000c0300000, 0x00000000c0400000, 0x00000000c0400000|100%| O|  |TAMS 0x00000000c0400000, 0x00000000c0300000| Untracked 
|   4|0x00000000c0400000, 0x00000000c0500000, 0x00000000c0500000|100%| O|  |TAMS 0x00000000c0500000, 0x00000000c0400000| Untracked 
|   5|0x00000000c0500000, 0x00000000c0600000, 0x00000000c0600000|100%| O|  |TAMS 0x00000000c0600000, 0x00000000c0500000| Untracked 
|   6|0x00000000c0600000, 0x00000000c0700000, 0x00000000c0700000|100%|HS|  |TAMS 0x00000000c0700000, 0x00000000c0600000| Complete 
|   7|0x00000000c0700000, 0x00000000c0800000, 0x00000000c0800000|100%| O|  |TAMS 0x00000000c0800000, 0x00000000c0700000| Untracked 
|   8|0x00000000c0800000, 0x00000000c0900000, 0x00000000c0900000|100%| O|  |TAMS 0x00000000c0900000, 0x00000000c0800000| Untracked 
|   9|0x00000000c0900000, 0x00000000c0a00000, 0x00000000c0a00000|100%| O|  |TAMS 0x00000000c0a00000, 0x00000000c0900000| Untracked 
|  10|0x00000000c0a00000, 0x00000000c0b00000, 0x00000000c0b00000|100%| O|  |TAMS 0x00000000c0b00000, 0x00000000c0a00000| Untracked 
|  11|0x00000000c0b00000, 0x00000000c0c00000, 0x00000000c0c00000|100%| O|  |TAMS 0x00000000c0c00000, 0x00000000c0b00000| Untracked 
|  12|0x00000000c0c00000, 0x00000000c0d00000, 0x00000000c0d00000|100%| O|  |TAMS 0x00000000c0d00000, 0x00000000c0c00000| Untracked 
|  13|0x00000000c0d00000, 0x00000000c0e00000, 0x00000000c0e00000|100%| O|  |TAMS 0x00000000c0e00000, 0x00000000c0d00000| Untracked 
|  14|0x00000000c0e00000, 0x00000000c0f00000, 0x00000000c0f00000|100%| O|  |TAMS 0x00000000c0f00000, 0x00000000c0e00000| Untracked 
|  15|0x00000000c0f00000, 0x00000000c1000000, 0x00000000c1000000|100%| O|  |TAMS 0x00000000c1000000, 0x00000000c0f00000| Untracked 
|  16|0x00000000c1000000, 0x00000000c1100000, 0x00000000c1100000|100%| O|  |TAMS 0x00000000c1100000, 0x00000000c1000000| Untracked 
|  17|0x00000000c1100000, 0x00000000c1200000, 0x00000000c1200000|100%| O|  |TAMS 0x00000000c1200000, 0x00000000c1100000| Untracked 
|  18|0x00000000c1200000, 0x00000000c1300000, 0x00000000c1300000|100%| O|  |TAMS 0x00000000c1300000, 0x00000000c1200000| Untracked 
|  19|0x00000000c1300000, 0x00000000c1400000, 0x00000000c1400000|100%| O|  |TAMS 0x00000000c1400000, 0x00000000c1300000| Untracked 
|  20|0x00000000c1400000, 0x00000000c1500000, 0x00000000c1500000|100%| O|  |TAMS 0x00000000c1500000, 0x00000000c1400000| Untracked 
|  21|0x00000000c1500000, 0x00000000c1600000, 0x00000000c1600000|100%| O|  |TAMS 0x00000000c1600000, 0x00000000c1500000| Untracked 
|  22|0x00000000c1600000, 0x00000000c1700000, 0x00000000c1700000|100%| O|  |TAMS 0x00000000c1700000, 0x00000000c1600000| Untracked 
|  23|0x00000000c1700000, 0x00000000c1800000, 0x00000000c1800000|100%| O|  |TAMS 0x00000000c1800000, 0x00000000c1700000| Untracked 
|  24|0x00000000c1800000, 0x00000000c1900000, 0x00000000c1900000|100%| O|  |TAMS 0x00000000c1900000, 0x00000000c1800000| Untracked 
|  25|0x00000000c1900000, 0x00000000c1a00000, 0x00000000c1a00000|100%| O|  |TAMS 0x00000000c1a00000, 0x00000000c1900000| Untracked 
|  26|0x00000000c1a00000, 0x00000000c1b00000, 0x00000000c1b00000|100%| O|  |TAMS 0x00000000c1b00000, 0x00000000c1a00000| Untracked 
|  27|0x00000000c1b00000, 0x00000000c1c00000, 0x00000000c1c00000|100%| O|  |TAMS 0x00000000c1c00000, 0x00000000c1b00000| Untracked 
|  28|0x00000000c1c00000, 0x00000000c1d00000, 0x00000000c1d00000|100%| O|  |TAMS 0x00000000c1d00000, 0x00000000c1c00000| Untracked 
|  29|0x00000000c1d00000, 0x00000000c1e00000, 0x00000000c1e00000|100%| O|  |TAMS 0x00000000c1e00000, 0x00000000c1d00000| Untracked 
|  30|0x00000000c1e00000, 0x00000000c1f00000, 0x00000000c1f00000|100%| O|  |TAMS 0x00000000c1f00000, 0x00000000c1e00000| Untracked 
|  31|0x00000000c1f00000, 0x00000000c1f00000, 0x00000000c2000000|  0%| F|  |TAMS 0x00000000c1f00000, 0x00000000c1f00000| Untracked 
|  32|0x00000000c2000000, 0x00000000c2100000, 0x00000000c2100000|100%| O|  |TAMS 0x00000000c2100000, 0x00000000c2000000| Untracked 
|  33|0x00000000c2100000, 0x00000000c2200000, 0x00000000c2200000|100%| O|  |TAMS 0x00000000c2200000, 0x00000000c2100000| Untracked 
|  34|0x00000000c2200000, 0x00000000c2300000, 0x00000000c2300000|100%| O|  |TAMS 0x00000000c2300000, 0x00000000c2200000| Untracked 
|  35|0x00000000c2300000, 0x00000000c2400000, 0x00000000c2400000|100%| O|  |TAMS 0x00000000c2300000, 0x00000000c2300000| Untracked 
|  36|0x00000000c2400000, 0x00000000c2500000, 0x00000000c2500000|100%| O|  |TAMS 0x00000000c2500000, 0x00000000c2400000| Untracked 
|  37|0x00000000c2500000, 0x00000000c2600000, 0x00000000c2600000|100%| O|  |TAMS 0x00000000c2600000, 0x00000000c2500000| Untracked 
|  38|0x00000000c2600000, 0x00000000c2700000, 0x00000000c2700000|100%| O|  |TAMS 0x00000000c2700000, 0x00000000c2600000| Untracked 
|  39|0x00000000c2700000, 0x00000000c2800000, 0x00000000c2800000|100%| O|  |TAMS 0x00000000c2800000, 0x00000000c2700000| Untracked 
|  40|0x00000000c2800000, 0x00000000c2900000, 0x00000000c2900000|100%| O|  |TAMS 0x00000000c2900000, 0x00000000c2800000| Untracked 
|  41|0x00000000c2900000, 0x00000000c2a00000, 0x00000000c2a00000|100%|HS|  |TAMS 0x00000000c2a00000, 0x00000000c2900000| Complete 
|  42|0x00000000c2a00000, 0x00000000c2b00000, 0x00000000c2b00000|100%|HC|  |TAMS 0x00000000c2b00000, 0x00000000c2a00000| Complete 
|  43|0x00000000c2b00000, 0x00000000c2c00000, 0x00000000c2c00000|100%|HC|  |TAMS 0x00000000c2c00000, 0x00000000c2b00000| Complete 
|  44|0x00000000c2c00000, 0x00000000c2d00000, 0x00000000c2d00000|100%|HS|  |TAMS 0x00000000c2d00000, 0x00000000c2c00000| Complete 
|  45|0x00000000c2d00000, 0x00000000c2e00000, 0x00000000c2e00000|100%|HC|  |TAMS 0x00000000c2e00000, 0x00000000c2d00000| Complete 
|  46|0x00000000c2e00000, 0x00000000c2f00000, 0x00000000c2f00000|100%|HC|  |TAMS 0x00000000c2f00000, 0x00000000c2e00000| Complete 
|  47|0x00000000c2f00000, 0x00000000c3000000, 0x00000000c3000000|100%| O|  |TAMS 0x00000000c3000000, 0x00000000c2f00000| Untracked 
|  48|0x00000000c3000000, 0x00000000c3100000, 0x00000000c3100000|100%| O|  |TAMS 0x00000000c3100000, 0x00000000c3000000| Untracked 
|  49|0x00000000c3100000, 0x00000000c3200000, 0x00000000c3200000|100%| O|  |TAMS 0x00000000c3200000, 0x00000000c3100000| Untracked 
|  50|0x00000000c3200000, 0x00000000c3300000, 0x00000000c3300000|100%| O|  |TAMS 0x00000000c3300000, 0x00000000c3200000| Untracked 
|  51|0x00000000c3300000, 0x00000000c3400000, 0x00000000c3400000|100%| O|  |TAMS 0x00000000c3400000, 0x00000000c3300000| Untracked 
|  52|0x00000000c3400000, 0x00000000c3500000, 0x00000000c3500000|100%| O|  |TAMS 0x00000000c3500000, 0x00000000c3400000| Untracked 
|  53|0x00000000c3500000, 0x00000000c3600000, 0x00000000c3600000|100%| O|  |TAMS 0x00000000c35dfa00, 0x00000000c3500000| Untracked 
|  54|0x00000000c3600000, 0x00000000c36f9600, 0x00000000c3700000| 97%| O|  |TAMS 0x00000000c3600000, 0x00000000c3600000| Untracked 
|  55|0x00000000c3700000, 0x00000000c3700000, 0x00000000c3800000|  0%| F|  |TAMS 0x00000000c3700000, 0x00000000c3700000| Untracked 
|  56|0x00000000c3800000, 0x00000000c3800000, 0x00000000c3900000|  0%| F|  |TAMS 0x00000000c3800000, 0x00000000c3800000| Untracked 
|  57|0x00000000c3900000, 0x00000000c3900000, 0x00000000c3a00000|  0%| F|  |TAMS 0x00000000c3900000, 0x00000000c3900000| Untracked 
|  58|0x00000000c3a00000, 0x00000000c3a00000, 0x00000000c3b00000|  0%| F|  |TAMS 0x00000000c3a00000, 0x00000000c3a00000| Untracked 
|  59|0x00000000c3b00000, 0x00000000c3b00000, 0x00000000c3c00000|  0%| F|  |TAMS 0x00000000c3b00000, 0x00000000c3b00000| Untracked 
|  60|0x00000000c3c00000, 0x00000000c3c00000, 0x00000000c3d00000|  0%| F|  |TAMS 0x00000000c3c00000, 0x00000000c3c00000| Untracked 
|  61|0x00000000c3d00000, 0x00000000c3d00000, 0x00000000c3e00000|  0%| F|  |TAMS 0x00000000c3d00000, 0x00000000c3d00000| Untracked 
|  62|0x00000000c3e00000, 0x00000000c3e00000, 0x00000000c3f00000|  0%| F|  |TAMS 0x00000000c3e00000, 0x00000000c3e00000| Untracked 
|  63|0x00000000c3f00000, 0x00000000c3f00000, 0x00000000c4000000|  0%| F|  |TAMS 0x00000000c3f00000, 0x00000000c3f00000| Untracked 
|  64|0x00000000c4000000, 0x00000000c4000000, 0x00000000c4100000|  0%| F|  |TAMS 0x00000000c4000000, 0x00000000c4000000| Untracked 
|  65|0x00000000c4100000, 0x00000000c4100000, 0x00000000c4200000|  0%| F|  |TAMS 0x00000000c4100000, 0x00000000c4100000| Untracked 
|  66|0x00000000c4200000, 0x00000000c429ace8, 0x00000000c4300000| 60%| S|CS|TAMS 0x00000000c4200000, 0x00000000c4200000| Complete 
|  67|0x00000000c4300000, 0x00000000c4400000, 0x00000000c4400000|100%| S|CS|TAMS 0x00000000c4300000, 0x00000000c4300000| Complete 
|  68|0x00000000c4400000, 0x00000000c4500000, 0x00000000c4500000|100%| S|CS|TAMS 0x00000000c4400000, 0x00000000c4400000| Complete 
|  69|0x00000000c4500000, 0x00000000c4600000, 0x00000000c4600000|100%| S|CS|TAMS 0x00000000c4500000, 0x00000000c4500000| Complete 
|  70|0x00000000c4600000, 0x00000000c4600000, 0x00000000c4700000|  0%| F|  |TAMS 0x00000000c4600000, 0x00000000c4600000| Untracked 
|  71|0x00000000c4700000, 0x00000000c4700000, 0x00000000c4800000|  0%| F|  |TAMS 0x00000000c4700000, 0x00000000c4700000| Untracked 
|  72|0x00000000c4800000, 0x00000000c4800000, 0x00000000c4900000|  0%| F|  |TAMS 0x00000000c4800000, 0x00000000c4800000| Untracked 
|  73|0x00000000c4900000, 0x00000000c4900000, 0x00000000c4a00000|  0%| F|  |TAMS 0x00000000c4900000, 0x00000000c4900000| Untracked 
|  74|0x00000000c4a00000, 0x00000000c4a00000, 0x00000000c4b00000|  0%| F|  |TAMS 0x00000000c4a00000, 0x00000000c4a00000| Untracked 
|  75|0x00000000c4b00000, 0x00000000c4b00000, 0x00000000c4c00000|  0%| F|  |TAMS 0x00000000c4b00000, 0x00000000c4b00000| Untracked 
|  76|0x00000000c4c00000, 0x00000000c4c00000, 0x00000000c4d00000|  0%| F|  |TAMS 0x00000000c4c00000, 0x00000000c4c00000| Untracked 
|  77|0x00000000c4d00000, 0x00000000c4d00000, 0x00000000c4e00000|  0%| F|  |TAMS 0x00000000c4d00000, 0x00000000c4d00000| Untracked 
|  78|0x00000000c4e00000, 0x00000000c4e00000, 0x00000000c4f00000|  0%| F|  |TAMS 0x00000000c4e00000, 0x00000000c4e00000| Untracked 
|  79|0x00000000c4f00000, 0x00000000c4f00000, 0x00000000c5000000|  0%| F|  |TAMS 0x00000000c4f00000, 0x00000000c4f00000| Untracked 
|  80|0x00000000c5000000, 0x00000000c5000000, 0x00000000c5100000|  0%| F|  |TAMS 0x00000000c5000000, 0x00000000c5000000| Untracked 
|  81|0x00000000c5100000, 0x00000000c5100000, 0x00000000c5200000|  0%| F|  |TAMS 0x00000000c5100000, 0x00000000c5100000| Untracked 
|  82|0x00000000c5200000, 0x00000000c5200000, 0x00000000c5300000|  0%| F|  |TAMS 0x00000000c5200000, 0x00000000c5200000| Untracked 
|  83|0x00000000c5300000, 0x00000000c5300000, 0x00000000c5400000|  0%| F|  |TAMS 0x00000000c5300000, 0x00000000c5300000| Untracked 
|  84|0x00000000c5400000, 0x00000000c5400000, 0x00000000c5500000|  0%| F|  |TAMS 0x00000000c5400000, 0x00000000c5400000| Untracked 
|  85|0x00000000c5500000, 0x00000000c5500000, 0x00000000c5600000|  0%| F|  |TAMS 0x00000000c5500000, 0x00000000c5500000| Untracked 
|  86|0x00000000c5600000, 0x00000000c5600000, 0x00000000c5700000|  0%| F|  |TAMS 0x00000000c5600000, 0x00000000c5600000| Untracked 
|  87|0x00000000c5700000, 0x00000000c5700000, 0x00000000c5800000|  0%| F|  |TAMS 0x00000000c5700000, 0x00000000c5700000| Untracked 
|  88|0x00000000c5800000, 0x00000000c5800000, 0x00000000c5900000|  0%| F|  |TAMS 0x00000000c5800000, 0x00000000c5800000| Untracked 
|  89|0x00000000c5900000, 0x00000000c5900000, 0x00000000c5a00000|  0%| F|  |TAMS 0x00000000c5900000, 0x00000000c5900000| Untracked 
|  90|0x00000000c5a00000, 0x00000000c5a00000, 0x00000000c5b00000|  0%| F|  |TAMS 0x00000000c5a00000, 0x00000000c5a00000| Untracked 
|  91|0x00000000c5b00000, 0x00000000c5b00000, 0x00000000c5c00000|  0%| F|  |TAMS 0x00000000c5b00000, 0x00000000c5b00000| Untracked 
|  92|0x00000000c5c00000, 0x00000000c5c00000, 0x00000000c5d00000|  0%| F|  |TAMS 0x00000000c5c00000, 0x00000000c5c00000| Untracked 
|  93|0x00000000c5d00000, 0x00000000c5d00000, 0x00000000c5e00000|  0%| F|  |TAMS 0x00000000c5d00000, 0x00000000c5d00000| Untracked 
|  94|0x00000000c5e00000, 0x00000000c5e00000, 0x00000000c5f00000|  0%| F|  |TAMS 0x00000000c5e00000, 0x00000000c5e00000| Untracked 
|  95|0x00000000c5f00000, 0x00000000c5f00000, 0x00000000c6000000|  0%| F|  |TAMS 0x00000000c5f00000, 0x00000000c5f00000| Untracked 
|  96|0x00000000c6000000, 0x00000000c6000000, 0x00000000c6100000|  0%| F|  |TAMS 0x00000000c6000000, 0x00000000c6000000| Untracked 
|  97|0x00000000c6100000, 0x00000000c6100000, 0x00000000c6200000|  0%| F|  |TAMS 0x00000000c6100000, 0x00000000c6100000| Untracked 
|  98|0x00000000c6200000, 0x00000000c6200000, 0x00000000c6300000|  0%| F|  |TAMS 0x00000000c6200000, 0x00000000c6200000| Untracked 
|  99|0x00000000c6300000, 0x00000000c6300000, 0x00000000c6400000|  0%| F|  |TAMS 0x00000000c6300000, 0x00000000c6300000| Untracked 
| 100|0x00000000c6400000, 0x00000000c6400000, 0x00000000c6500000|  0%| F|  |TAMS 0x00000000c6400000, 0x00000000c6400000| Untracked 
| 101|0x00000000c6500000, 0x00000000c6500000, 0x00000000c6600000|  0%| F|  |TAMS 0x00000000c6500000, 0x00000000c6500000| Untracked 
| 102|0x00000000c6600000, 0x00000000c6600000, 0x00000000c6700000|  0%| F|  |TAMS 0x00000000c6600000, 0x00000000c6600000| Untracked 
| 103|0x00000000c6700000, 0x00000000c6700000, 0x00000000c6800000|  0%| F|  |TAMS 0x00000000c6700000, 0x00000000c6700000| Untracked 
| 104|0x00000000c6800000, 0x00000000c6800000, 0x00000000c6900000|  0%| F|  |TAMS 0x00000000c6800000, 0x00000000c6800000| Untracked 
| 105|0x00000000c6900000, 0x00000000c6900000, 0x00000000c6a00000|  0%| F|  |TAMS 0x00000000c6900000, 0x00000000c6900000| Untracked 
| 106|0x00000000c6a00000, 0x00000000c6a00000, 0x00000000c6b00000|  0%| F|  |TAMS 0x00000000c6a00000, 0x00000000c6a00000| Untracked 
| 107|0x00000000c6b00000, 0x00000000c6b00000, 0x00000000c6c00000|  0%| F|  |TAMS 0x00000000c6b00000, 0x00000000c6b00000| Untracked 
| 108|0x00000000c6c00000, 0x00000000c6c00000, 0x00000000c6d00000|  0%| F|  |TAMS 0x00000000c6c00000, 0x00000000c6c00000| Untracked 
| 109|0x00000000c6d00000, 0x00000000c6d00000, 0x00000000c6e00000|  0%| F|  |TAMS 0x00000000c6d00000, 0x00000000c6d00000| Untracked 
| 110|0x00000000c6e00000, 0x00000000c6e00000, 0x00000000c6f00000|  0%| F|  |TAMS 0x00000000c6e00000, 0x00000000c6e00000| Untracked 
| 111|0x00000000c6f00000, 0x00000000c6f00000, 0x00000000c7000000|  0%| F|  |TAMS 0x00000000c6f00000, 0x00000000c6f00000| Untracked 
| 112|0x00000000c7000000, 0x00000000c7000000, 0x00000000c7100000|  0%| F|  |TAMS 0x00000000c7000000, 0x00000000c7000000| Untracked 
| 113|0x00000000c7100000, 0x00000000c7100000, 0x00000000c7200000|  0%| F|  |TAMS 0x00000000c7100000, 0x00000000c7100000| Untracked 
| 114|0x00000000c7200000, 0x00000000c7200000, 0x00000000c7300000|  0%| F|  |TAMS 0x00000000c7200000, 0x00000000c7200000| Untracked 
| 115|0x00000000c7300000, 0x00000000c7300000, 0x00000000c7400000|  0%| F|  |TAMS 0x00000000c7300000, 0x00000000c7300000| Untracked 
| 116|0x00000000c7400000, 0x00000000c7400000, 0x00000000c7500000|  0%| F|  |TAMS 0x00000000c7400000, 0x00000000c7400000| Untracked 
| 117|0x00000000c7500000, 0x00000000c7500000, 0x00000000c7600000|  0%| F|  |TAMS 0x00000000c7500000, 0x00000000c7500000| Untracked 
| 118|0x00000000c7600000, 0x00000000c7600000, 0x00000000c7700000|  0%| F|  |TAMS 0x00000000c7600000, 0x00000000c7600000| Untracked 
| 119|0x00000000c7700000, 0x00000000c7700000, 0x00000000c7800000|  0%| F|  |TAMS 0x00000000c7700000, 0x00000000c7700000| Untracked 
| 120|0x00000000c7800000, 0x00000000c7800000, 0x00000000c7900000|  0%| F|  |TAMS 0x00000000c7800000, 0x00000000c7800000| Untracked 
| 121|0x00000000c7900000, 0x00000000c7900000, 0x00000000c7a00000|  0%| F|  |TAMS 0x00000000c7900000, 0x00000000c7900000| Untracked 
| 122|0x00000000c7a00000, 0x00000000c7a00000, 0x00000000c7b00000|  0%| F|  |TAMS 0x00000000c7a00000, 0x00000000c7a00000| Untracked 
| 123|0x00000000c7b00000, 0x00000000c7b00000, 0x00000000c7c00000|  0%| F|  |TAMS 0x00000000c7b00000, 0x00000000c7b00000| Untracked 
| 124|0x00000000c7c00000, 0x00000000c7c00000, 0x00000000c7d00000|  0%| F|  |TAMS 0x00000000c7c00000, 0x00000000c7c00000| Untracked 
| 125|0x00000000c7d00000, 0x00000000c7d00000, 0x00000000c7e00000|  0%| F|  |TAMS 0x00000000c7d00000, 0x00000000c7d00000| Untracked 
| 126|0x00000000c7e00000, 0x00000000c7e00000, 0x00000000c7f00000|  0%| F|  |TAMS 0x00000000c7e00000, 0x00000000c7e00000| Untracked 
| 127|0x00000000c7f00000, 0x00000000c7f00000, 0x00000000c8000000|  0%| F|  |TAMS 0x00000000c7f00000, 0x00000000c7f00000| Untracked 
| 128|0x00000000c8000000, 0x00000000c8000000, 0x00000000c8100000|  0%| F|  |TAMS 0x00000000c8000000, 0x00000000c8000000| Untracked 
| 129|0x00000000c8100000, 0x00000000c8100000, 0x00000000c8200000|  0%| F|  |TAMS 0x00000000c8100000, 0x00000000c8100000| Untracked 
| 130|0x00000000c8200000, 0x00000000c8200000, 0x00000000c8300000|  0%| F|  |TAMS 0x00000000c8200000, 0x00000000c8200000| Untracked 
| 131|0x00000000c8300000, 0x00000000c8300000, 0x00000000c8400000|  0%| F|  |TAMS 0x00000000c8300000, 0x00000000c8300000| Untracked 
| 132|0x00000000c8400000, 0x00000000c8400000, 0x00000000c8500000|  0%| F|  |TAMS 0x00000000c8400000, 0x00000000c8400000| Untracked 
| 133|0x00000000c8500000, 0x00000000c8500000, 0x00000000c8600000|  0%| F|  |TAMS 0x00000000c8500000, 0x00000000c8500000| Untracked 
| 134|0x00000000c8600000, 0x00000000c8600000, 0x00000000c8700000|  0%| F|  |TAMS 0x00000000c8600000, 0x00000000c8600000| Untracked 
| 135|0x00000000c8700000, 0x00000000c8700000, 0x00000000c8800000|  0%| F|  |TAMS 0x00000000c8700000, 0x00000000c8700000| Untracked 
| 136|0x00000000c8800000, 0x00000000c8800000, 0x00000000c8900000|  0%| F|  |TAMS 0x00000000c8800000, 0x00000000c8800000| Untracked 
| 137|0x00000000c8900000, 0x00000000c8900000, 0x00000000c8a00000|  0%| F|  |TAMS 0x00000000c8900000, 0x00000000c8900000| Untracked 
| 138|0x00000000c8a00000, 0x00000000c8a00000, 0x00000000c8b00000|  0%| F|  |TAMS 0x00000000c8a00000, 0x00000000c8a00000| Untracked 
| 139|0x00000000c8b00000, 0x00000000c8b00000, 0x00000000c8c00000|  0%| F|  |TAMS 0x00000000c8b00000, 0x00000000c8b00000| Untracked 
| 140|0x00000000c8c00000, 0x00000000c8c00000, 0x00000000c8d00000|  0%| F|  |TAMS 0x00000000c8c00000, 0x00000000c8c00000| Untracked 
| 141|0x00000000c8d00000, 0x00000000c8d00000, 0x00000000c8e00000|  0%| F|  |TAMS 0x00000000c8d00000, 0x00000000c8d00000| Untracked 
| 142|0x00000000c8e00000, 0x00000000c8e00000, 0x00000000c8f00000|  0%| F|  |TAMS 0x00000000c8e00000, 0x00000000c8e00000| Untracked 
| 143|0x00000000c8f00000, 0x00000000c8f00000, 0x00000000c9000000|  0%| F|  |TAMS 0x00000000c8f00000, 0x00000000c8f00000| Untracked 
| 253|0x00000000cfd00000, 0x00000000cfd00000, 0x00000000cfe00000|  0%| F|  |TAMS 0x00000000cfd00000, 0x00000000cfd00000| Untracked 

Card table byte_map: [0x0000023571e00000,0x0000023572000000] _byte_map_base: 0x0000023571800000

Marking Bits (Prev, Next): (CMBitMap*) 0x000002355ada1d30, (CMBitMap*) 0x000002355ada1d70
 Prev Bits: [0x0000023572200000, 0x0000023573200000)
 Next Bits: [0x0000023573200000, 0x0000023574200000)

Polling page: 0x0000023558b70000

Metaspace:

Usage:
  Non-class:     52.73 MB used.
      Class:      8.89 MB used.
       Both:     61.62 MB used.

Virtual space:
  Non-class space:       64.00 MB reserved,      53.19 MB ( 83%) committed,  1 nodes.
      Class space:        1.00 GB reserved,       9.25 MB ( <1%) committed,  1 nodes.
             Both:        1.06 GB reserved,      62.44 MB (  6%) committed. 

Chunk freelists:
   Non-Class:  10.05 MB
       Class:  6.75 MB
        Both:  16.80 MB

MaxMetaspaceSize: unlimited
CompressedClassSpaceSize: 1.00 GB
Initial GC threshold: 21.00 MB
Current GC threshold: 100.56 MB
CDS: on
MetaspaceReclaimPolicy: balanced
 - commit_granule_bytes: 65536.
 - commit_granule_words: 8192.
 - virtual_space_node_default_size: 8388608.
 - enlarge_chunks_in_place: 1.
 - new_chunks_are_fully_committed: 0.
 - uncommit_free_chunks: 1.
 - use_allocation_guard: 0.
 - handle_deallocations: 1.


Internal statistics:

num_allocs_failed_limit: 6.
num_arena_births: 1100.
num_arena_deaths: 0.
num_vsnodes_births: 2.
num_vsnodes_deaths: 0.
num_space_committed: 999.
num_space_uncommitted: 0.
num_chunks_returned_to_freelist: 6.
num_chunks_taken_from_freelist: 3844.
num_chunk_merges: 6.
num_chunk_splits: 2502.
num_chunks_enlarged: 1614.
num_inconsistent_stats: 0.

CodeHeap 'non-profiled nmethods': size=120000Kb used=4162Kb max_used=4162Kb free=115838Kb
 bounds [0x000002356a3a0000, 0x000002356a7c0000, 0x00000235718d0000]
CodeHeap 'profiled nmethods': size=120000Kb used=13137Kb max_used=13137Kb free=106862Kb
 bounds [0x00000235628d0000, 0x00000235635b0000, 0x0000023569e00000]
CodeHeap 'non-nmethods': size=5760Kb used=1692Kb max_used=1797Kb free=4067Kb
 bounds [0x0000023569e00000, 0x000002356a070000, 0x000002356a3a0000]
 total_blobs=7588 nmethods=6809 adapters=691
 compilation: enabled
              stopped_count=0, restarted_count=0
 full_count=0

Compilation events (20 events):
Event: 25.663 Thread 0x000002357b011a50 nmethod 7547 0x000002356359f890 code [0x000002356359fa40, 0x000002356359fdd8]
Event: 25.663 Thread 0x000002357b011a50 7548       3       org.gradle.internal.snapshot.MerkleDirectorySnapshotBuilder::leaveDirectory (27 bytes)
Event: 25.663 Thread 0x000002357b011a50 nmethod 7548 0x000002356359ff10 code [0x00000235635a00e0, 0x00000235635a0468]
Event: 25.664 Thread 0x000002357b011a50 7549       3       org.gradle.kotlin.dsl.normalization.KotlinCompileClasspathFingerprinter$fingerprint$1::visitEntry (93 bytes)
Event: 25.666 Thread 0x000002357b011a50 nmethod 7549 0x00000235635a0590 code [0x00000235635a08a0, 0x00000235635a1aa8]
Event: 25.666 Thread 0x000002357b011a50 7550       3       org.gradle.kotlin.dsl.normalization.KotlinCompileClasspathFingerprinter$fingerprint$1$$Lambda$692/0x000002350155cb48::<init> (15 bytes)
Event: 25.666 Thread 0x000002357b011a50 nmethod 7550 0x00000235635a2010 code [0x00000235635a21c0, 0x00000235635a23d8]
Event: 25.666 Thread 0x000002357b011a50 7551       3       kotlin.text.StringsKt__StringsJVMKt::endsWith (44 bytes)
Event: 25.668 Thread 0x000002357b011a50 nmethod 7551 0x00000235635a2490 code [0x00000235635a27c0, 0x00000235635a3858]
Event: 25.683 Thread 0x000002357b011a50 7552       3       org.gradle.cache.internal.DefaultCrossBuildInMemoryCacheFactory$DefaultCrossBuildInMemoryCache::retainValue (20 bytes)
Event: 25.684 Thread 0x000002357b011a50 nmethod 7552 0x00000235635a3f10 code [0x00000235635a40e0, 0x00000235635a45a8]
Event: 25.684 Thread 0x000002357b011a50 7553       1       org.gradle.internal.fingerprint.classpath.impl.ClasspathFingerprintingStrategy::access$900 (5 bytes)
Event: 25.684 Thread 0x000002357b011a50 nmethod 7553 0x000002356a7afc10 code [0x000002356a7afda0, 0x000002356a7afe58]
Event: 25.684 Thread 0x000002357b011a50 7556       1       org.gradle.internal.fingerprint.classpath.impl.ClasspathFingerprintingStrategy::access$300 (5 bytes)
Event: 25.685 Thread 0x000002357b011a50 nmethod 7556 0x000002356a7aff10 code [0x000002356a7b00a0, 0x000002356a7b0158]
Event: 25.685 Thread 0x000002357b011a50 7554       1       org.gradle.api.internal.changedetection.state.ResourceFilter$1::shouldBeIgnored (2 bytes)
Event: 25.685 Thread 0x000002357b011a50 nmethod 7554 0x000002356a7b0210 code [0x000002356a7b03a0, 0x000002356a7b0478]
Event: 25.685 Thread 0x000002357b011a50 7555       1       org.gradle.internal.snapshot.RelativePathTracker::getSegments (5 bytes)
Event: 25.685 Thread 0x000002357b011a50 nmethod 7555 0x000002356a7b0510 code [0x000002356a7b06a0, 0x000002356a7b0778]
Event: 25.685 Thread 0x000002357b011a50 7557       3       org.gradle.api.internal.changedetection.state.FallbackHandlingResourceHasher::hash (40 bytes)

GC Heap History (20 events):
Event: 22.041 GC heap after
{Heap after GC invocations=20 (full 0):
 garbage-first heap   total 89088K, used 51564K [0x00000000c0000000, 0x0000000100000000)
  region size 1024K, 1 young (1024K), 1 survivors (1024K)
 Metaspace       used 52515K, committed 53248K, reserved 1114112K
  class space    used 7524K, committed 7808K, reserved 1048576K
}
Event: 22.616 GC heap before
{Heap before GC invocations=20 (full 0):
 garbage-first heap   total 89088K, used 69996K [0x00000000c0000000, 0x0000000100000000)
  region size 1024K, 19 young (19456K), 1 survivors (1024K)
 Metaspace       used 54726K, committed 55424K, reserved 1114112K
  class space    used 7808K, committed 8128K, reserved 1048576K
}
Event: 22.619 GC heap after
{Heap after GC invocations=21 (full 0):
 garbage-first heap   total 89088K, used 52230K [0x00000000c0000000, 0x0000000100000000)
  region size 1024K, 1 young (1024K), 1 survivors (1024K)
 Metaspace       used 54726K, committed 55424K, reserved 1114112K
  class space    used 7808K, committed 8128K, reserved 1048576K
}
Event: 23.033 GC heap before
{Heap before GC invocations=22 (full 0):
 garbage-first heap   total 94208K, used 69638K [0x00000000c0000000, 0x0000000100000000)
  region size 1024K, 19 young (19456K), 1 survivors (1024K)
 Metaspace       used 55895K, committed 56640K, reserved 1114112K
  class space    used 7994K, committed 8320K, reserved 1048576K
}
Event: 23.035 GC heap after
{Heap after GC invocations=23 (full 0):
 garbage-first heap   total 94208K, used 52709K [0x00000000c0000000, 0x0000000100000000)
  region size 1024K, 2 young (2048K), 2 survivors (2048K)
 Metaspace       used 55895K, committed 56640K, reserved 1114112K
  class space    used 7994K, committed 8320K, reserved 1048576K
}
Event: 23.077 GC heap before
{Heap before GC invocations=23 (full 0):
 garbage-first heap   total 94208K, used 54757K [0x00000000c0000000, 0x0000000100000000)
  region size 1024K, 4 young (4096K), 2 survivors (2048K)
 Metaspace       used 56048K, committed 56896K, reserved 1114112K
  class space    used 8009K, committed 8384K, reserved 1048576K
}
Event: 23.081 GC heap after
{Heap after GC invocations=24 (full 0):
 garbage-first heap   total 94208K, used 53135K [0x00000000c0000000, 0x0000000100000000)
  region size 1024K, 1 young (1024K), 1 survivors (1024K)
 Metaspace       used 56048K, committed 56896K, reserved 1114112K
  class space    used 8009K, committed 8384K, reserved 1048576K
}
Event: 23.480 GC heap before
{Heap before GC invocations=24 (full 0):
 garbage-first heap   total 94208K, used 75663K [0x00000000c0000000, 0x0000000100000000)
  region size 1024K, 23 young (23552K), 1 survivors (1024K)
 Metaspace       used 57387K, committed 58176K, reserved 1114112K
  class space    used 8181K, committed 8512K, reserved 1048576K
}
Event: 23.484 GC heap after
{Heap after GC invocations=25 (full 0):
 garbage-first heap   total 94208K, used 53920K [0x00000000c0000000, 0x0000000100000000)
  region size 1024K, 2 young (2048K), 2 survivors (2048K)
 Metaspace       used 57387K, committed 58176K, reserved 1114112K
  class space    used 8181K, committed 8512K, reserved 1048576K
}
Event: 23.978 GC heap before
{Heap before GC invocations=26 (full 0):
 garbage-first heap   total 96256K, used 76448K [0x00000000c0000000, 0x0000000100000000)
  region size 1024K, 24 young (24576K), 2 survivors (2048K)
 Metaspace       used 59474K, committed 60288K, reserved 1114112K
  class space    used 8556K, committed 8960K, reserved 1048576K
}
Event: 23.982 GC heap after
{Heap after GC invocations=27 (full 0):
 garbage-first heap   total 96256K, used 54830K [0x00000000c0000000, 0x0000000100000000)
  region size 1024K, 3 young (3072K), 3 survivors (3072K)
 Metaspace       used 59474K, committed 60288K, reserved 1114112K
  class space    used 8556K, committed 8960K, reserved 1048576K
}
Event: 24.000 GC heap before
{Heap before GC invocations=27 (full 0):
 garbage-first heap   total 96256K, used 55854K [0x00000000c0000000, 0x0000000100000000)
  region size 1024K, 4 young (4096K), 3 survivors (3072K)
 Metaspace       used 59514K, committed 60352K, reserved 1114112K
  class space    used 8563K, committed 8960K, reserved 1048576K
}
Event: 24.004 GC heap after
{Heap after GC invocations=28 (full 0):
 garbage-first heap   total 96256K, used 54481K [0x00000000c0000000, 0x0000000100000000)
  region size 1024K, 1 young (1024K), 1 survivors (1024K)
 Metaspace       used 59514K, committed 60352K, reserved 1114112K
  class space    used 8563K, committed 8960K, reserved 1048576K
}
Event: 24.483 GC heap before
{Heap before GC invocations=28 (full 0):
 garbage-first heap   total 96256K, used 77009K [0x00000000c0000000, 0x0000000100000000)
  region size 1024K, 24 young (24576K), 1 survivors (1024K)
 Metaspace       used 60836K, committed 61632K, reserved 1114112K
  class space    used 8754K, committed 9152K, reserved 1048576K
}
Event: 24.486 GC heap after
{Heap after GC invocations=29 (full 0):
 garbage-first heap   total 96256K, used 54781K [0x00000000c0000000, 0x0000000100000000)
  region size 1024K, 1 young (1024K), 1 survivors (1024K)
 Metaspace       used 60836K, committed 61632K, reserved 1114112K
  class space    used 8754K, committed 9152K, reserved 1048576K
}
Event: 25.082 GC heap before
{Heap before GC invocations=30 (full 0):
 garbage-first heap   total 97280K, used 79357K [0x00000000c0000000, 0x0000000100000000)
  region size 1024K, 25 young (25600K), 1 survivors (1024K)
 Metaspace       used 62237K, committed 63104K, reserved 1114112K
  class space    used 8970K, committed 9344K, reserved 1048576K
}
Event: 25.086 GC heap after
{Heap after GC invocations=31 (full 0):
 garbage-first heap   total 97280K, used 55907K [0x00000000c0000000, 0x0000000100000000)
  region size 1024K, 2 young (2048K), 2 survivors (2048K)
 Metaspace       used 62237K, committed 63104K, reserved 1114112K
  class space    used 8970K, committed 9344K, reserved 1048576K
}
Event: 25.116 GC heap before
{Heap before GC invocations=31 (full 0):
 garbage-first heap   total 97280K, used 56931K [0x00000000c0000000, 0x0000000100000000)
  region size 1024K, 4 young (4096K), 2 survivors (2048K)
 Metaspace       used 62285K, committed 63168K, reserved 1114112K
  class space    used 8977K, committed 9408K, reserved 1048576K
}
Event: 25.121 GC heap after
{Heap after GC invocations=32 (full 0):
 garbage-first heap   total 97280K, used 55897K [0x00000000c0000000, 0x0000000100000000)
  region size 1024K, 1 young (1024K), 1 survivors (1024K)
 Metaspace       used 62285K, committed 63168K, reserved 1114112K
  class space    used 8977K, committed 9408K, reserved 1048576K
}
Event: 25.685 GC heap before
{Heap before GC invocations=32 (full 0):
 garbage-first heap   total 97280K, used 80473K [0x00000000c0000000, 0x0000000100000000)
  region size 1024K, 25 young (25600K), 1 survivors (1024K)
 Metaspace       used 63095K, committed 63936K, reserved 1114112K
  class space    used 9101K, committed 9472K, reserved 1048576K
}

Dll operation events (15 events):
Event: 0.026 Loaded shared library C:\Program Files\Microsoft\jdk-17.0.17.10-hotspot\bin\java.dll
Event: 0.060 Loaded shared library C:\Program Files\Microsoft\jdk-17.0.17.10-hotspot\bin\jsvml.dll
Event: 0.168 Loaded shared library C:\Program Files\Microsoft\jdk-17.0.17.10-hotspot\bin\zip.dll
Event: 0.176 Loaded shared library C:\Program Files\Microsoft\jdk-17.0.17.10-hotspot\bin\instrument.dll
Event: 0.186 Loaded shared library C:\Program Files\Microsoft\jdk-17.0.17.10-hotspot\bin\net.dll
Event: 0.190 Loaded shared library C:\Program Files\Microsoft\jdk-17.0.17.10-hotspot\bin\nio.dll
Event: 0.195 Loaded shared library C:\Program Files\Microsoft\jdk-17.0.17.10-hotspot\bin\zip.dll
Event: 0.770 Loaded shared library C:\Program Files\Microsoft\jdk-17.0.17.10-hotspot\bin\jimage.dll
Event: 1.268 Loaded shared library C:\Program Files\Microsoft\jdk-17.0.17.10-hotspot\bin\verify.dll
Event: 1.334 Loaded shared library C:\Users\wasif\.gradle\native\1def1411415f61bf3af743bc5b6707747c0891f09f0c88961ee8f79bc544acac\windows-amd64\native-platform.dll
Event: 1.371 Loaded shared library C:\Users\wasif\.gradle\native\0.2.8\x86_64-windows-gnu\gradle-fileevents.dll
Event: 4.519 Loaded shared library C:\Program Files\Microsoft\jdk-17.0.17.10-hotspot\bin\management.dll
Event: 4.527 Loaded shared library C:\Program Files\Microsoft\jdk-17.0.17.10-hotspot\bin\management_ext.dll
Event: 5.475 Loaded shared library C:\Program Files\Microsoft\jdk-17.0.17.10-hotspot\bin\extnet.dll
Event: 6.859 Loaded shared library C:\Program Files\Microsoft\jdk-17.0.17.10-hotspot\bin\sunmscapi.dll

Deoptimization events (20 events):
Event: 24.908 Thread 0x000002357b9e83f0 DEOPT PACKING pc=0x000002356a7708c8 sp=0x0000005b92ff1d30
Event: 24.908 Thread 0x000002357b9e83f0 DEOPT UNPACKING pc=0x0000023569e569a3 sp=0x0000005b92ff1ce8 mode 2
Event: 24.908 Thread 0x000002357b9e83f0 Uncommon trap: trap_request=0xffffffbe fr.pc=0x000002356a7708c8 relative=0x0000000000000688
Event: 24.908 Thread 0x000002357b9e83f0 Uncommon trap: reason=profile_predicate action=maybe_recompile pc=0x000002356a7708c8 method=java.lang.PublicMethods$MethodList.filter([Ljava/lang/reflect/Method;Ljava/lang/String;[Ljava/lang/Class;Z)Ljava/lang/PublicMethods$MethodList; @ 21 c2
Event: 24.908 Thread 0x000002357b9e83f0 DEOPT PACKING pc=0x000002356a7708c8 sp=0x0000005b92ff1c80
Event: 24.908 Thread 0x000002357b9e83f0 DEOPT UNPACKING pc=0x0000023569e569a3 sp=0x0000005b92ff1c38 mode 2
Event: 24.916 Thread 0x000002357b9e83f0 DEOPT PACKING pc=0x00000235630f117e sp=0x0000005b92ff2e80
Event: 24.916 Thread 0x000002357b9e83f0 DEOPT UNPACKING pc=0x0000023569e57143 sp=0x0000005b92ff2420 mode 0
Event: 25.111 Thread 0x000002357b9e83f0 Uncommon trap: trap_request=0xffffff45 fr.pc=0x000002356a694e3c relative=0x000000000000269c
Event: 25.111 Thread 0x000002357b9e83f0 Uncommon trap: reason=unstable_if action=reinterpret pc=0x000002356a694e3c method=org.objectweb.asm.Frame.execute(IILorg/objectweb/asm/Symbol;Lorg/objectweb/asm/SymbolTable;)V @ 1 c2
Event: 25.111 Thread 0x000002357b9e83f0 DEOPT PACKING pc=0x000002356a694e3c sp=0x0000005b92ff2f40
Event: 25.111 Thread 0x000002357b9e83f0 DEOPT UNPACKING pc=0x0000023569e569a3 sp=0x0000005b92ff2ee8 mode 2
Event: 25.247 Thread 0x000002357b9e83f0 Uncommon trap: trap_request=0xffffff45 fr.pc=0x000002356a6f931c relative=0x000000000000095c
Event: 25.247 Thread 0x000002357b9e83f0 Uncommon trap: reason=unstable_if action=reinterpret pc=0x000002356a6f931c method=sun.reflect.annotation.AnnotationInvocationHandler.invoke(Ljava/lang/Object;Ljava/lang/reflect/Method;[Ljava/lang/Object;)Ljava/lang/Object; @ 15 c2
Event: 25.247 Thread 0x000002357b9e83f0 DEOPT PACKING pc=0x000002356a6f931c sp=0x0000005b92ff2fb0
Event: 25.247 Thread 0x000002357b9e83f0 DEOPT UNPACKING pc=0x0000023569e569a3 sp=0x0000005b92ff2f80 mode 2
Event: 25.404 Thread 0x000002357b9e83f0 Uncommon trap: trap_request=0xffffffdc fr.pc=0x000002356a7a3270 relative=0x00000000000002d0
Event: 25.404 Thread 0x000002357b9e83f0 Uncommon trap: reason=class_check action=make_not_entrant pc=0x000002356a7a3270 method=java.util.ArrayList.toArray([Ljava/lang/Object;)[Ljava/lang/Object; @ 21 c2
Event: 25.404 Thread 0x000002357b9e83f0 DEOPT PACKING pc=0x000002356a7a3270 sp=0x0000005b92ff5480
Event: 25.404 Thread 0x000002357b9e83f0 DEOPT UNPACKING pc=0x0000023569e569a3 sp=0x0000005b92ff5450 mode 2

Classes loaded (20 events):
Event: 23.623 Loading class javax/xml/parsers/DocumentBuilderFactory
Event: 23.624 Loading class javax/xml/parsers/DocumentBuilderFactory done
Event: 23.624 Loading class javax/xml/parsers/FactoryFinder
Event: 23.624 Loading class javax/xml/parsers/FactoryFinder done
Event: 23.625 Loading class javax/xml/parsers/FactoryFinder$1
Event: 23.625 Loading class javax/xml/parsers/FactoryFinder$1 done
Event: 23.626 Loading class com/sun/org/apache/xerces/internal/jaxp/DocumentBuilderFactoryImpl
Event: 23.627 Loading class com/sun/org/apache/xerces/internal/jaxp/DocumentBuilderFactoryImpl done
Event: 23.654 Loading class java/util/regex/Pattern$SliceI
Event: 23.654 Loading class java/util/regex/Pattern$SliceI done
Event: 23.826 Loading class java/beans/PropertyChangeListener
Event: 23.826 Loading class java/beans/PropertyChangeListener done
Event: 25.017 Loading class java/util/stream/ReduceOps$5
Event: 25.017 Loading class java/util/stream/ReduceOps$5 done
Event: 25.017 Loading class java/util/stream/ReduceOps$CountingSink$OfRef
Event: 25.018 Loading class java/util/stream/ReduceOps$CountingSink
Event: 25.018 Loading class java/util/stream/ReduceOps$CountingSink done
Event: 25.018 Loading class java/util/stream/ReduceOps$CountingSink$OfRef done
Event: 25.247 Loading class sun/reflect/annotation/AnnotationInvocationHandler$1
Event: 25.248 Loading class sun/reflect/annotation/AnnotationInvocationHandler$1 done

Classes unloaded (0 events):
No events

Classes redefined (0 events):
No events

Internal exceptions (20 events):
Event: 22.164 Thread 0x000002357b9e83f0 Exception <a 'java/lang/NoSuchMethodError'{0x00000000c8a5ba70}: static Lorg/jetbrains/kotlin/gradle/plugin/internal/DefaultJavaExecTaskParametersCompatibility$Factory;.<clinit>()V> (0x00000000c8a5ba70) 
thrown [s\src\hotspot\share\prims\jni.cpp, line 1112]
Event: 22.170 Thread 0x000002357b9e83f0 Exception <a 'java/lang/NoSuchMethodError'{0x00000000c8a92160}: static Lorg/jetbrains/kotlin/gradle/plugin/internal/DefaultMavenPublicationComponentAccessorFactory;.<clinit>()V> (0x00000000c8a92160) 
thrown [s\src\hotspot\share\prims\jni.cpp, line 1112]
Event: 22.174 Thread 0x000002357b9e83f0 Exception <a 'java/lang/NoSuchMethodError'{0x00000000c8ac6980}: static Lorg/jetbrains/kotlin/gradle/plugin/internal/DefaultCompatibilityConventionRegistrar$Factory;.<clinit>()V> (0x00000000c8ac6980) 
thrown [s\src\hotspot\share\prims\jni.cpp, line 1112]
Event: 22.177 Thread 0x000002357b9e83f0 Exception <a 'java/lang/NoSuchMethodError'{0x00000000c8aeb268}: static Lorg/jetbrains/kotlin/gradle/plugin/internal/DefaultConfigurationCacheStartParameterAccessorVariantFactory;.<clinit>()V> (0x00000000c8aeb268) 
thrown [s\src\hotspot\share\prims\jni.cpp, line 1112]
Event: 22.226 Thread 0x000002357b9e83f0 Exception <a 'java/lang/IncompatibleClassChangeError'{0x00000000c8885ae0}: Found class java.lang.Object, but interface was expected> (0x00000000c8885ae0) 
thrown [s\src\hotspot\share\interpreter\linkResolver.cpp, line 826]
Event: 22.505 Thread 0x000002357b9e83f0 Exception <a 'java/lang/NoSuchMethodError'{0x00000000c4649188}: static Ljava/lang/Object;.<clinit>()V> (0x00000000c4649188) 
thrown [s\src\hotspot\share\prims\jni.cpp, line 1112]
Event: 22.553 Thread 0x000002357b9e83f0 Exception <a 'java/lang/NoSuchMethodError'{0x00000000c46f52c8}: static Lorg/jetbrains/kotlin/gradle/plugin/statistics/MetricContainer;.<clinit>()V> (0x00000000c46f52c8) 
thrown [s\src\hotspot\share\prims\jni.cpp, line 1112]
Event: 23.690 Thread 0x000002357b9e83f0 Exception <a 'java/lang/NoSuchMethodError'{0x00000000c88602b8}: 'void java.lang.invoke.DirectMethodHandle$Holder.invokeVirtual(java.lang.Object, java.lang.Object)'> (0x00000000c88602b8) 
thrown [s\src\hotspot\share\interpreter\linkResolver.cpp, line 759]
Event: 24.570 Thread 0x000002357b9e83f0 Exception <a 'java/lang/ClassNotFoundException'{0x00000000c8d526d0}: org/jetbrains/kotlin/gradle/targets/js/npm/DefaultNpmDependencyExtensionBeanInfo> (0x00000000c8d526d0) 
thrown [s\src\hotspot\share\classfile\systemDictionary.cpp, line 256]
Event: 24.572 Thread 0x000002357b9e83f0 Exception <a 'java/lang/ClassNotFoundException'{0x00000000c8d67390}: org/jetbrains/kotlin/gradle/targets/js/npm/DefaultNpmDependencyExtensionCustomizer> (0x00000000c8d67390) 
thrown [s\src\hotspot\share\classfile\systemDictionary.cpp, line 256]
Event: 24.585 Thread 0x000002357b9e83f0 Exception <a 'java/lang/ClassNotFoundException'{0x00000000c8dfe228}: org/jetbrains/kotlin/gradle/targets/js/npm/NpmDependencyExtensionKt$defaultNpmDependencyDelegate$1BeanInfo> (0x00000000c8dfe228) 
thrown [s\src\hotspot\share\classfile\systemDictionary.cpp, line 256]
Event: 24.586 Thread 0x000002357b9e83f0 Exception <a 'java/lang/ClassNotFoundException'{0x00000000c8c13170}: org/jetbrains/kotlin/gradle/targets/js/npm/NpmDependencyExtensionDelegateBeanInfo> (0x00000000c8c13170) 
thrown [s\src\hotspot\share\classfile\systemDictionary.cpp, line 256]
Event: 24.588 Thread 0x000002357b9e83f0 Exception <a 'java/lang/ClassNotFoundException'{0x00000000c8c27e80}: org/jetbrains/kotlin/gradle/targets/js/npm/NpmDependencyExtensionDelegateCustomizer> (0x00000000c8c27e80) 
thrown [s\src\hotspot\share\classfile\systemDictionary.cpp, line 256]
Event: 24.592 Thread 0x000002357b9e83f0 Exception <a 'java/lang/ClassNotFoundException'{0x00000000c8c64b10}: org/jetbrains/kotlin/gradle/targets/js/npm/NpmDependencyExtensionKt$defaultNpmDependencyDelegate$1Customizer> (0x00000000c8c64b10) 
thrown [s\src\hotspot\share\classfile\systemDictionary.cpp, line 256]
Event: 24.600 Thread 0x000002357b9e83f0 Exception <a 'java/lang/ClassNotFoundException'{0x00000000c8caa880}: org/jetbrains/kotlin/gradle/targets/js/npm/DefaultDevNpmDependencyExtensionBeanInfo> (0x00000000c8caa880) 
thrown [s\src\hotspot\share\classfile\systemDictionary.cpp, line 256]
Event: 24.602 Thread 0x000002357b9e83f0 Exception <a 'java/lang/ClassNotFoundException'{0x00000000c8cbf598}: org/jetbrains/kotlin/gradle/targets/js/npm/DefaultDevNpmDependencyExtensionCustomizer> (0x00000000c8cbf598) 
thrown [s\src\hotspot\share\classfile\systemDictionary.cpp, line 256]
Event: 24.610 Thread 0x000002357b9e83f0 Exception <a 'java/lang/ClassNotFoundException'{0x00000000c8b0eb50}: org/jetbrains/kotlin/gradle/targets/js/npm/DefaultPeerNpmDependencyExtensionBeanInfo> (0x00000000c8b0eb50) 
thrown [s\src\hotspot\share\classfile\systemDictionary.cpp, line 256]
Event: 24.611 Thread 0x000002357b9e83f0 Exception <a 'java/lang/ClassNotFoundException'{0x00000000c8b23888}: org/jetbrains/kotlin/gradle/targets/js/npm/DefaultPeerNpmDependencyExtensionCustomizer> (0x00000000c8b23888) 
thrown [s\src\hotspot\share\classfile\systemDictionary.cpp, line 256]
Event: 24.619 Thread 0x000002357b9e83f0 Exception <a 'java/lang/ClassNotFoundException'{0x00000000c8b769e0}: org/jetbrains/kotlin/gradle/targets/js/npm/DefaultPeerNpmDependencyExtension$delegate$1BeanInfo> (0x00000000c8b769e0) 
thrown [s\src\hotspot\share\classfile\systemDictionary.cpp, line 256]
Event: 24.620 Thread 0x000002357b9e83f0 Exception <a 'java/lang/ClassNotFoundException'{0x00000000c8b8bbc0}: org/jetbrains/kotlin/gradle/targets/js/npm/DefaultPeerNpmDependencyExtension$delegate$1Customizer> (0x00000000c8b8bbc0) 
thrown [s\src\hotspot\share\classfile\systemDictionary.cpp, line 256]

VM Operations (20 events):
Event: 23.579 Executing VM operation: G1PauseCleanup done
Event: 23.634 Executing VM operation: HandshakeAllThreads
Event: 23.634 Executing VM operation: HandshakeAllThreads done
Event: 23.727 Executing VM operation: HandshakeAllThreads
Event: 23.727 Executing VM operation: HandshakeAllThreads done
Event: 23.978 Executing VM operation: G1CollectForAllocation
Event: 23.982 Executing VM operation: G1CollectForAllocation done
Event: 24.000 Executing VM operation: G1CollectForAllocation
Event: 24.004 Executing VM operation: G1CollectForAllocation done
Event: 24.483 Executing VM operation: G1CollectForAllocation
Event: 24.486 Executing VM operation: G1CollectForAllocation done
Event: 24.545 Executing VM operation: G1PauseRemark
Event: 24.552 Executing VM operation: G1PauseRemark done
Event: 24.579 Executing VM operation: G1PauseCleanup
Event: 24.579 Executing VM operation: G1PauseCleanup done
Event: 25.082 Executing VM operation: G1CollectForAllocation
Event: 25.086 Executing VM operation: G1CollectForAllocation done
Event: 25.116 Executing VM operation: G1CollectForAllocation
Event: 25.121 Executing VM operation: G1CollectForAllocation done
Event: 25.685 Executing VM operation: G1CollectForAllocation

Memory protections (0 events):
No events

Nmethod flushes (20 events):
Event: 18.456 Thread 0x000002357b01d870 flushing  nmethod 0x0000023562fa0110
Event: 18.456 Thread 0x000002357b01d870 flushing  nmethod 0x0000023562fc7710
Event: 18.456 Thread 0x000002357b01d870 flushing  nmethod 0x000002356300a010
Event: 18.456 Thread 0x000002357b01d870 flushing  nmethod 0x000002356300ae10
Event: 18.456 Thread 0x000002357b01d870 flushing  nmethod 0x000002356300c010
Event: 18.456 Thread 0x000002357b01d870 flushing  nmethod 0x000002356300c690
Event: 18.456 Thread 0x000002357b01d870 flushing  nmethod 0x000002356300cb90
Event: 18.456 Thread 0x000002357b01d870 flushing  nmethod 0x000002356300dd10
Event: 18.456 Thread 0x000002357b01d870 flushing  nmethod 0x000002356300f110
Event: 18.456 Thread 0x000002357b01d870 flushing  nmethod 0x0000023563013b90
Event: 18.456 Thread 0x000002357b01d870 flushing  nmethod 0x0000023563028f90
Event: 18.457 Thread 0x000002357b01d870 flushing  nmethod 0x000002356303db90
Event: 18.457 Thread 0x000002357b01d870 flushing  nmethod 0x000002356306d190
Event: 18.457 Thread 0x000002357b01d870 flushing  nmethod 0x000002356306dc10
Event: 18.457 Thread 0x000002357b01d870 flushing  nmethod 0x0000023563082810
Event: 18.457 Thread 0x000002357b01d870 flushing  nmethod 0x00000235630b7510
Event: 18.457 Thread 0x000002357b01d870 flushing  nmethod 0x00000235630e0290
Event: 18.457 Thread 0x000002357b01d870 flushing  nmethod 0x00000235630ea490
Event: 18.457 Thread 0x000002357b01d870 flushing  nmethod 0x000002356310c910
Event: 18.458 Thread 0x000002357b01d870 flushing  nmethod 0x0000023563152390

Events (20 events):
Event: 20.911 Thread 0x000002357b9e83f0 Thread added: 0x000002357f74e2d0
Event: 20.914 Thread 0x000002357b9e83f0 Thread added: 0x000002357f750130
Event: 20.917 Thread 0x000002357b9e83f0 Thread added: 0x000002357f751060
Event: 20.920 Thread 0x000002357b9e83f0 Thread added: 0x000002357f74f200
Event: 20.934 Thread 0x000002357b9e83f0 Thread added: 0x000002357f74ecf0
Event: 21.024 Thread 0x000002357b9e83f0 Thread added: 0x000002357f74fc20
Event: 21.025 Thread 0x000002357b9e83f0 Thread added: 0x000002357f74d8b0
Event: 21.034 Thread 0x000002357b9e83f0 Thread added: 0x000002357f74f710
Event: 21.036 Thread 0x000002357b9e83f0 Thread added: 0x000002357f750640
Event: 21.037 Thread 0x000002357b9e83f0 Thread added: 0x000002357f751570
Event: 21.038 Thread 0x000002357b9e83f0 Thread added: 0x000002357f751a80
Event: 21.039 Thread 0x000002357b9e83f0 Thread added: 0x000002357f751f90
Event: 22.088 Thread 0x000002357e6b6f90 Thread exited: 0x000002357e6b6f90
Event: 22.625 Thread 0x000002357b9e83f0 Thread added: 0x000002357f7524a0
Event: 22.743 Thread 0x000002357b4a2b00 Thread exited: 0x000002357b4a2b00
Event: 23.086 Thread 0x000002357b011a50 Thread added: 0x000002357e6b6f90
Event: 23.343 Thread 0x000002357e6b6f90 Thread exited: 0x000002357e6b6f90
Event: 23.682 Thread 0x000002357b9e83f0 Thread added: 0x000002357f7529b0
Event: 23.784 Thread 0x000002357b011a50 Thread added: 0x000002357e6b7f80
Event: 24.445 Thread 0x000002357b011a50 Thread added: 0x000002357e6b8f70


Dynamic libraries:
0x00007ff72a3f0000 - 0x00007ff72a3fe000 	C:\Program Files\Microsoft\jdk-17.0.17.10-hotspot\bin\java.exe
0x00007ffc22600000 - 0x00007ffc22867000 	C:\WINDOWS\SYSTEM32\ntdll.dll
0x00007ffc21cc0000 - 0x00007ffc21d89000 	C:\WINDOWS\System32\KERNEL32.DLL
0x00007ffc1ffa0000 - 0x00007ffc2038f000 	C:\WINDOWS\System32\KERNELBASE.dll
0x00007ffc1fc60000 - 0x00007ffc1fdab000 	C:\WINDOWS\System32\ucrtbase.dll
0x00007ffc0f0b0000 - 0x00007ffc0f0c8000 	C:\Program Files\Microsoft\jdk-17.0.17.10-hotspot\bin\jli.dll
0x00007ffc03b80000 - 0x00007ffc03b9e000 	C:\Program Files\Microsoft\jdk-17.0.17.10-hotspot\bin\VCRUNTIME140.dll
0x00007ffc216e0000 - 0x00007ffc218a5000 	C:\WINDOWS\System32\USER32.dll
0x00007ffc073e0000 - 0x00007ffc07673000 	C:\WINDOWS\WinSxS\amd64_microsoft.windows.common-controls_6595b64144ccf1df_6.0.26100.7309_none_3e05feeae336a044\COMCTL32.dll
0x00007ffc1f7e0000 - 0x00007ffc1f807000 	C:\WINDOWS\System32\win32u.dll
0x00007ffc21f80000 - 0x00007ffc22029000 	C:\WINDOWS\System32\msvcrt.dll
0x00007ffc21f30000 - 0x00007ffc21f5b000 	C:\WINDOWS\System32\GDI32.dll
0x00007ffc1fdb0000 - 0x00007ffc1fedc000 	C:\WINDOWS\System32\gdi32full.dll
0x00007ffc1f810000 - 0x00007ffc1f8b3000 	C:\WINDOWS\System32\msvcp_win.dll
0x00007ffc203a0000 - 0x00007ffc203d1000 	C:\WINDOWS\System32\IMM32.DLL
0x00007ffc0d9e0000 - 0x00007ffc0d9ec000 	C:\Program Files\Microsoft\jdk-17.0.17.10-hotspot\bin\vcruntime140_1.dll
0x00007ffbf90b0000 - 0x00007ffbf9139000 	C:\Program Files\Microsoft\jdk-17.0.17.10-hotspot\bin\msvcp140.dll
0x00007ffb95b30000 - 0x00007ffb967aa000 	C:\Program Files\Microsoft\jdk-17.0.17.10-hotspot\bin\server\jvm.dll
0x00007ffc20fd0000 - 0x00007ffc21084000 	C:\WINDOWS\System32\ADVAPI32.dll
0x00007ffc219b0000 - 0x00007ffc21a56000 	C:\WINDOWS\System32\sechost.dll
0x00007ffc21d90000 - 0x00007ffc21ea8000 	C:\WINDOWS\System32\RPCRT4.dll
0x00007ffc21eb0000 - 0x00007ffc21f24000 	C:\WINDOWS\System32\WS2_32.dll
0x00007ffc1f5b0000 - 0x00007ffc1f60e000 	C:\WINDOWS\SYSTEM32\POWRPROF.dll
0x00007ffc0bfd0000 - 0x00007ffc0bfdb000 	C:\WINDOWS\SYSTEM32\VERSION.dll
0x00007ffc195d0000 - 0x00007ffc19605000 	C:\WINDOWS\SYSTEM32\WINMM.dll
0x00007ffc1f590000 - 0x00007ffc1f5a4000 	C:\WINDOWS\SYSTEM32\UMPDC.dll
0x00007ffc1e4c0000 - 0x00007ffc1e4db000 	C:\WINDOWS\SYSTEM32\kernel.appcore.dll
0x00007ffc0b710000 - 0x00007ffc0b71a000 	C:\Program Files\Microsoft\jdk-17.0.17.10-hotspot\bin\jimage.dll
0x00007ffc1cf40000 - 0x00007ffc1d182000 	C:\WINDOWS\SYSTEM32\DBGHELP.DLL
0x00007ffc22120000 - 0x00007ffc224a6000 	C:\WINDOWS\System32\combase.dll
0x00007ffc22030000 - 0x00007ffc22106000 	C:\WINDOWS\System32\OLEAUT32.dll
0x00007ffbfcce0000 - 0x00007ffbfcd1c000 	C:\WINDOWS\SYSTEM32\dbgcore.DLL
0x00007ffc1f8c0000 - 0x00007ffc1f965000 	C:\WINDOWS\System32\bcryptPrimitives.dll
0x00007ffbf90a0000 - 0x00007ffbf90af000 	C:\Program Files\Microsoft\jdk-17.0.17.10-hotspot\bin\instrument.dll
0x00007ffc02a90000 - 0x00007ffc02ab6000 	C:\Program Files\Microsoft\jdk-17.0.17.10-hotspot\bin\java.dll
0x00007ffbf36e0000 - 0x00007ffbf37b6000 	C:\Program Files\Microsoft\jdk-17.0.17.10-hotspot\bin\jsvml.dll
0x00007ffc20870000 - 0x00007ffc20fc3000 	C:\WINDOWS\System32\SHELL32.dll
0x00007ffc1f970000 - 0x00007ffc1fada000 	C:\WINDOWS\System32\wintypes.dll
0x00007ffc1d190000 - 0x00007ffc1d9ee000 	C:\WINDOWS\SYSTEM32\windows.storage.dll
0x00007ffc21520000 - 0x00007ffc21615000 	C:\WINDOWS\System32\SHCORE.dll
0x00007ffc22550000 - 0x00007ffc225b6000 	C:\WINDOWS\System32\shlwapi.dll
0x00007ffc1f670000 - 0x00007ffc1f699000 	C:\WINDOWS\SYSTEM32\profapi.dll
0x00007ffbf91b0000 - 0x00007ffbf91c8000 	C:\Program Files\Microsoft\jdk-17.0.17.10-hotspot\bin\zip.dll
0x00007ffbffc70000 - 0x00007ffbffc8b000 	C:\Program Files\Microsoft\jdk-17.0.17.10-hotspot\bin\net.dll
0x00007ffc18e90000 - 0x00007ffc18fb8000 	C:\WINDOWS\SYSTEM32\WINHTTP.dll
0x00007ffc1ea10000 - 0x00007ffc1ea7b000 	C:\WINDOWS\system32\mswsock.dll
0x00007ffbf9540000 - 0x00007ffbf9556000 	C:\Program Files\Microsoft\jdk-17.0.17.10-hotspot\bin\nio.dll
0x00007ffc03b60000 - 0x00007ffc03b70000 	C:\Program Files\Microsoft\jdk-17.0.17.10-hotspot\bin\verify.dll
0x00007ffbfcd60000 - 0x00007ffbfcd87000 	C:\Users\wasif\.gradle\native\1def1411415f61bf3af743bc5b6707747c0891f09f0c88961ee8f79bc544acac\windows-amd64\native-platform.dll
0x00007ffbf7010000 - 0x00007ffbf7087000 	C:\Users\wasif\.gradle\native\0.2.8\x86_64-windows-gnu\gradle-fileevents.dll
0x00007ffc0af50000 - 0x00007ffc0af5a000 	C:\Program Files\Microsoft\jdk-17.0.17.10-hotspot\bin\management.dll
0x00007ffc03b70000 - 0x00007ffc03b7c000 	C:\Program Files\Microsoft\jdk-17.0.17.10-hotspot\bin\management_ext.dll
0x00007ffc224b0000 - 0x00007ffc224b8000 	C:\WINDOWS\System32\PSAPI.DLL
0x00007ffc1df00000 - 0x00007ffc1df34000 	C:\WINDOWS\SYSTEM32\IPHLPAPI.DLL
0x00007ffc21ae0000 - 0x00007ffc21aea000 	C:\WINDOWS\System32\NSI.dll
0x00007ffc15be0000 - 0x00007ffc15bfe000 	C:\WINDOWS\SYSTEM32\dhcpcsvc6.DLL
0x00007ffc15bb0000 - 0x00007ffc15bd3000 	C:\WINDOWS\SYSTEM32\dhcpcsvc.DLL
0x00007ffc1dfa0000 - 0x00007ffc1e0cc000 	C:\WINDOWS\SYSTEM32\DNSAPI.dll
0x00007ffbf91a0000 - 0x00007ffbf91a9000 	C:\Program Files\Microsoft\jdk-17.0.17.10-hotspot\bin\extnet.dll
0x00007ffc1ee00000 - 0x00007ffc1ee1b000 	C:\WINDOWS\SYSTEM32\CRYPTSP.dll
0x00007ffc1e420000 - 0x00007ffc1e45a000 	C:\WINDOWS\system32\rsaenh.dll
0x00007ffc1eac0000 - 0x00007ffc1eaeb000 	C:\WINDOWS\SYSTEM32\USERENV.dll
0x00007ffc1f640000 - 0x00007ffc1f66a000 	C:\WINDOWS\SYSTEM32\bcrypt.dll
0x00007ffc1ec60000 - 0x00007ffc1ec6c000 	C:\WINDOWS\SYSTEM32\CRYPTBASE.dll
0x00007ffbf9090000 - 0x00007ffbf909e000 	C:\Program Files\Microsoft\jdk-17.0.17.10-hotspot\bin\sunmscapi.dll
0x00007ffc1fae0000 - 0x00007ffc1fc57000 	C:\WINDOWS\System32\CRYPT32.dll
0x00007ffc1ef50000 - 0x00007ffc1ef80000 	C:\WINDOWS\SYSTEM32\ncrypt.dll
0x00007ffc1ef00000 - 0x00007ffc1ef3f000 	C:\WINDOWS\SYSTEM32\NTASN1.dll
0x00007ffb9fcf0000 - 0x00007ffb9fcf8000 	C:\WINDOWS\system32\wshunix.dll

dbghelp: loaded successfully - version: 4.0.5 - missing functions: none
symbol engine: initialized successfully - sym options: 0x614 - pdb path: .;C:\Program Files\Microsoft\jdk-17.0.17.10-hotspot\bin;C:\WINDOWS\SYSTEM32;C:\WINDOWS\WinSxS\amd64_microsoft.windows.common-controls_6595b64144ccf1df_6.0.26100.7309_none_3e05feeae336a044;C:\Program Files\Microsoft\jdk-17.0.17.10-hotspot\bin\server;C:\Users\wasif\.gradle\native\1def1411415f61bf3af743bc5b6707747c0891f09f0c88961ee8f79bc544acac\windows-amd64;C:\Users\wasif\.gradle\native\0.2.8\x86_64-windows-gnu

VM Arguments:
jvm_args: --add-opens=java.base/java.lang=ALL-UNNAMED --add-opens=java.base/java.lang.invoke=ALL-UNNAMED --add-opens=java.base/java.util=ALL-UNNAMED --add-opens=java.prefs/java.util.prefs=ALL-UNNAMED --add-exports=jdk.compiler/com.sun.tools.javac.api=ALL-UNNAMED --add-exports=jdk.compiler/com.sun.tools.javac.util=ALL-UNNAMED --add-opens=java.base/java.util=ALL-UNNAMED --add-opens=java.prefs/java.util.prefs=ALL-UNNAMED --add-opens=java.base/java.nio.charset=ALL-UNNAMED --add-opens=java.base/java.net=ALL-UNNAMED --add-opens=java.base/java.util.concurrent=ALL-UNNAMED --add-opens=java.base/java.util.concurrent.atomic=ALL-UNNAMED --add-opens=java.xml/javax.xml.namespace=ALL-UNNAMED -Xmx1024m -Dfile.encoding=windows-1252 -Duser.country=US -Duser.language=en -Duser.variant -javaagent:C:\Users\wasif\.gradle\wrapper\dists\gradle-9.0.0-bin\d6wjpkvcgsg3oed0qlfss3wgl\gradle-9.0.0\lib\agents\gradle-instrumentation-agent-9.0.0.jar 
java_command: org.gradle.launcher.daemon.bootstrap.GradleDaemon 9.0.0
java_class_path (initial): C:\Users\wasif\.gradle\wrapper\dists\gradle-9.0.0-bin\d6wjpkvcgsg3oed0qlfss3wgl\gradle-9.0.0\lib\gradle-daemon-main-9.0.0.jar
Launcher Type: SUN_STANDARD

[Global flags]
     intx CICompilerCount                          = 4                                         {product} {ergonomic}
     uint ConcGCThreads                            = 2                                         {product} {ergonomic}
     uint G1ConcRefinementThreads                  = 8                                         {product} {ergonomic}
   size_t G1HeapRegionSize                         = 1048576                                   {product} {ergonomic}
    uintx GCDrainStackTargetSize                   = 64                                        {product} {ergonomic}
   size_t InitialHeapSize                          = 266338304                                 {product} {ergonomic}
   size_t MarkStackSize                            = 4194304                                   {product} {ergonomic}
   size_t MaxHeapSize                              = 1073741824                                {product} {command line}
   size_t MaxNewSize                               = 643825664                                 {product} {ergonomic}
   size_t MinHeapDeltaBytes                        = 1048576                                   {product} {ergonomic}
   size_t MinHeapSize                              = 8388608                                   {product} {ergonomic}
    uintx NonNMethodCodeHeapSize                   = 5839372                                {pd product} {ergonomic}
    uintx NonProfiledCodeHeapSize                  = 122909434                              {pd product} {ergonomic}
    uintx ProfiledCodeHeapSize                     = 122909434                              {pd product} {ergonomic}
    uintx ReservedCodeCacheSize                    = 251658240                              {pd product} {ergonomic}
     bool SegmentedCodeCache                       = true                                      {product} {ergonomic}
   size_t SoftMaxHeapSize                          = 1073741824                             {manageable} {ergonomic}
     bool UseCompressedClassPointers               = true                           {product lp64_product} {ergonomic}
     bool UseCompressedOops                        = true                           {product lp64_product} {ergonomic}
     bool UseG1GC                                  = true                                      {product} {ergonomic}
     bool UseLargePagesIndividualAllocation        = false                                  {pd product} {ergonomic}

Logging:
Log output configuration:
 #0: stdout all=warning uptime,level,tags
 #1: stderr all=off uptime,level,tags

Environment Variables:
JAVA_HOME=C:\Program Files\Microsoft\jdk-17.0.17.10-hotspot\
PATH=C:\Users\wasif\Downloads\MindEase\node_modules\.bin;C:\Users\wasif\Downloads\node_modules\.bin;C:\Users\wasif\node_modules\.bin;C:\Users\node_modules\.bin;C:\node_modules\.bin;C:\Program Files\nodejs\node_modules\npm\node_modules\@npmcli\run-script\lib\node-gyp-bin;C:\Python314\Scripts\;C:\Python314\;C:\Program Files\Microsoft\jdk-17.0.17.10-hotspot\bin;c:\Users\wasif\appdata\local\programs\cursor\resources\app\bin;C:\WINDOWS\system32;C:\WINDOWS;C:\WINDOWS\System32\Wbem;C:\WINDOWS\System32\WindowsPowerShell\v1.0\;C:\WINDOWS\System32\OpenSSH\;C:\Program Files\dotnet\;C:\Program Files (x86)\Intel\Intel(R) Management Engine Components\DAL;C:\Program Files\Intel\Intel(R) Management Engine Components\DAL;C:\xampp\php;C:\ProgramData\ComposerSetup\bin;C:\Program Files\Intel\WiFi\bin\;C:\Program Files\Common Files\Intel\WirelessCommon\;C:\Program Files\Git\cmd;C:\Program Files\Microsoft SQL Server\150\Tools\Binn\;C:\laragon\bin\php\php-8.1.10-Win32-vs16-x64;C:\laragon\bin;C:\laragon\bin\apache\httpd-2.4.54-win64-VS16\bin;C:\laragon\bin\composer;C:\laragon\bin\git\bin;C:\laragon\bin\git\cmd;C:\laragon\bin\git\mingw64\bin;C:\laragon\bin\git\usr\bin;C:\laragon\bin\laragon\utils;C:\laragon\bin\mysql\mysql-8.0.30-winx64\bin;C:\laragon\bin\nginx\nginx-1.22.0;C:\laragon\bin\ngrok;C:\laragon\bin\notepad++;C:\laragon\bi;C:\ProgramData\chocolatey\bin;C:\Users\wasif\AppData\Local\Android\Sdk\platform-tools;C:\Program Files\nodejs\;c:\Users\wasif\appdata\local\programs\cursor\resources\app\codeBin;C:\laragon\bin;C:\laragon\bin\apache\httpd-2.4.54-win64-VS16\bin;C:\laragon\bin\composer;C:\laragon\bin\git\bin;C:\laragon\bin\git\cmd;C:\laragon\bin\git\mingw64\bin;C:\laragon\bin\git\usr\bin;C:\laragon\bin\laragon\utils;C:\laragon\bin\mysql\mysql-8.0.30-winx64\bin;C:\laragon\bin\nginx\nginx-1.22.0;C:\laragon\bin\ngrok;C:\laragon\bin\notepad++;C:\laragon\bin\php\php-8.1.10-Win32-vs16-x64;C:\laragon\bin\python\python-3.10;C:\laragon\bin\python\python-3.10\Scripts;C:\laragon\bin\redis\redis-x64-5.0.14.1;C:\laragon\bin\telnet;C:\laragon\usr\bin;C:\Users\wasif\AppData\Roaming\Composer\vendor\bin;C:\Users\wasif\AppData\Local\Microsoft\WindowsApps;C:\Users\wasif\AppData\Local\Microsoft\WindowsApps;C:\Users\wasif\AppData\Local\Programs\cursor\resources\app\bin;C:\Users\wasif\AppData\Local\Microsoft\WinGet\Packages\Ngrok.Ngrok_Microsoft.Winget.Source_8wekyb3d8bbwe;C:\Users\wasif\AppData\Local\Programs\Antigravity\bin;C:\Users\wasif\AppData\Roaming\npm
USERNAME=wasif
LANG=en_US.UTF-8
OS=Windows_NT
PROCESSOR_IDENTIFIER=Intel64 Family 6 Model 142 Stepping 10, GenuineIntel
TMP=C:\Users\wasif\AppData\Local\Temp
TEMP=C:\Users\wasif\AppData\Local\Temp



Periodic native trim disabled


---------------  S Y S T E M  ---------------

OS:
 Windows 11 , 64 bit Build 26100 (10.0.26100.7623)
OS uptime: 2 days 15:10 hours
Hyper-V role detected

CPU: total 8 (initial active 8) (4 cores per cpu, 2 threads per core) family 6 model 142 stepping 10 microcode 0xf0, cx8, cmov, fxsr, ht, mmx, 3dnowpref, sse, sse2, sse3, ssse3, sse4.1, sse4.2, popcnt, lzcnt, tsc, tscinvbit, avx, avx2, aes, erms, clmul, bmi1, bmi2, rtm, adx, fma, vzeroupper, clflush, clflushopt, hv
Processor Information for processor 0
  Max Mhz: 1896, Current Mhz: 1496, Mhz Limit: 1687
Processor Information for processor 1
  Max Mhz: 1896, Current Mhz: 1496, Mhz Limit: 1687
Processor Information for processor 2
  Max Mhz: 1896, Current Mhz: 1496, Mhz Limit: 1687
Processor Information for processor 3
  Max Mhz: 1896, Current Mhz: 1496, Mhz Limit: 1687
Processor Information for processor 4
  Max Mhz: 1896, Current Mhz: 1496, Mhz Limit: 1687
Processor Information for processor 5
  Max Mhz: 1896, Current Mhz: 1496, Mhz Limit: 1687
Processor Information for processor 6
  Max Mhz: 1896, Current Mhz: 1696, Mhz Limit: 1687
Processor Information for processor 7
  Max Mhz: 1896, Current Mhz: 1496, Mhz Limit: 1687

Memory: 4k page, system-wide physical 16192M (890M free)
TotalPageFile size 20288M (AvailPageFile size 73M)
current process WorkingSet (physical memory assigned to process): 312M, peak: 317M
current process commit charge ("private bytes"): 404M, peak: 463M

vm_info: OpenJDK 64-Bit Server VM (17.0.17+10-LTS) for windows-amd64 JRE (17.0.17+10-LTS), built on Oct 13 2025 22:19:56 by "MicrosoftCorporation" with unknown MS VC++:1944

END.
